<?xml version="1.0" encoding="UTF-8"?>
<coverage generated="1788911021876" clover="3.2.0">
  <project timestamp="1788911021876" name="All files">
    <metrics statements="652" coveredstatements="415" conditionals="436" coveredconditionals="275" methods="351" coveredmethods="213" elements="1439" coveredelements="903" complexity="0" loc="652" ncloc="652" packages="33" files="58" classes="58"/>
    <package name="src">
      <metrics statements="1" coveredstatements="0" conditionals="0" coveredconditionals="0" methods="0" coveredmethods="0"/>
      <file name="main.tsx" path="/home/lacerda/Documentos/GitHub/react-frontend-challenge/src/main.tsx">
        <metrics statements="1" coveredstatements="0" conditionals="0" coveredconditionals="0" methods="0" coveredmethods="0"/>
        <line num="6" count="0" type="stmt"/>
      </file>
      <file name="vite-env.d.ts" path="/home/lacerda/Documentos/GitHub/react-frontend-challenge/src/vite-env.d.ts">
        <metrics statements="0" coveredstatements="0" conditionals="0" coveredconditionals="0" methods="0" coveredmethods="0"/>
      </file>
    </package>
    <package name="src.app">
      <metrics statements="29" coveredstatements="0" conditionals="8" coveredconditionals="0" methods="22" coveredmethods="0"/>
      <file name="router.tsx" path="/home/lacerda/Documentos/GitHub/react-frontend-challenge/src/app/router.tsx">
        <metrics statements="29" coveredstatements="0" conditionals="8" coveredconditionals="0" methods="22" coveredmethods="0"/>
        <line num="15" count="0" type="stmt"/>
        <line num="16" count="0" type="stmt"/>
        <line num="17" count="0" type="stmt"/>
        <line num="18" count="0" type="stmt"/>
        <line num="19" count="0" type="stmt"/>
        <line num="25" count="0" type="stmt"/>
        <line num="31" count="0" type="stmt"/>
        <line num="32" count="0" type="stmt"/>
        <line num="35" count="0" type="cond" truecount="0" falsecount="2"/>
        <line num="37" count="0" type="cond" truecount="0" falsecount="2"/>
        <line num="38" count="0" type="cond" truecount="0" falsecount="2"/>
        <line num="44" count="0" type="stmt"/>
        <line num="45" count="0" type="stmt"/>
        <line num="48" count="0" type="cond" truecount="0" falsecount="2"/>
        <line num="49" count="0" type="stmt"/>
        <line num="55" count="0" type="stmt"/>
        <line num="56" count="0" type="stmt"/>
        <line num="61" count="0" type="stmt"/>
        <line num="62" count="0" type="stmt"/>
        <line num="67" count="0" type="stmt"/>
        <line num="68" count="0" type="stmt"/>
        <line num="73" count="0" type="stmt"/>
        <line num="74" count="0" type="stmt"/>
        <line num="77" count="0" type="stmt"/>
        <line num="78" count="0" type="stmt"/>
        <line num="81" count="0" type="stmt"/>
        <line num="82" count="0" type="stmt"/>
        <line num="87" count="0" type="stmt"/>
        <line num="92" count="0" type="stmt"/>
      </file>
    </package>
    <package name="src.app.layouts">
      <metrics statements="14" coveredstatements="0" conditionals="10" coveredconditionals="0" methods="13" coveredmethods="0"/>
      <file name="root-layout.tsx" path="/home/lacerda/Documentos/GitHub/react-frontend-challenge/src/app/layouts/root-layout.tsx">
        <metrics statements="12" coveredstatements="0" conditionals="10" coveredconditionals="0" methods="11" coveredmethods="0"/>
        <line num="11" count="0" type="stmt"/>
        <line num="14" count="0" type="stmt"/>
        <line num="15" count="0" type="stmt"/>
        <line num="16" count="0" type="stmt"/>
        <line num="19" count="0" type="stmt"/>
        <line num="20" count="0" type="stmt"/>
        <line num="21" count="0" type="cond" truecount="0" falsecount="2"/>
        <line num="22" count="0" type="stmt"/>
        <line num="25" count="0" type="stmt"/>
        <line num="30" count="0" type="stmt"/>
        <line num="48" count="0" type="stmt"/>
        <line num="77" count="0" type="stmt"/>
      </file>
      <file name="route-pending.tsx" path="/home/lacerda/Documentos/GitHub/react-frontend-challenge/src/app/layouts/route-pending.tsx">
        <metrics statements="2" coveredstatements="0" conditionals="0" coveredconditionals="0" methods="2" coveredmethods="0"/>
        <line num="4" count="0" type="stmt"/>
        <line num="10" count="0" type="stmt"/>
      </file>
    </package>
    <package name="src.app.providers">
      <metrics statements="4" coveredstatements="0" conditionals="5" coveredconditionals="0" methods="2" coveredmethods="0"/>
      <file name="query-client.ts" path="/home/lacerda/Documentos/GitHub/react-frontend-challenge/src/app/providers/query-client.ts">
        <metrics statements="3" coveredstatements="0" conditionals="5" coveredconditionals="0" methods="1" coveredmethods="0"/>
        <line num="3" count="0" type="stmt"/>
        <line num="9" count="0" type="cond" truecount="0" falsecount="5"/>
        <line num="10" count="0" type="stmt"/>
      </file>
      <file name="query-provider.tsx" path="/home/lacerda/Documentos/GitHub/react-frontend-challenge/src/app/providers/query-provider.tsx">
        <metrics statements="1" coveredstatements="0" conditionals="0" coveredconditionals="0" methods="1" coveredmethods="0"/>
        <line num="6" count="0" type="stmt"/>
      </file>
    </package>
    <package name="src.entities.movie.api">
      <metrics statements="51" coveredstatements="51" conditionals="27" coveredconditionals="25" methods="37" coveredmethods="37"/>
      <file name="dto.ts" path="/home/lacerda/Documentos/GitHub/react-frontend-challenge/src/entities/movie/api/dto.ts">
        <metrics statements="0" coveredstatements="0" conditionals="0" coveredconditionals="0" methods="0" coveredmethods="0"/>
      </file>
      <file name="mappers.ts" path="/home/lacerda/Documentos/GitHub/react-frontend-challenge/src/entities/movie/api/mappers.ts">
        <metrics statements="10" coveredstatements="10" conditionals="11" coveredconditionals="11" methods="9" coveredmethods="9"/>
        <line num="5" count="34" type="stmt"/>
        <line num="20" count="15" type="stmt"/>
        <line num="29" count="30" type="stmt"/>
        <line num="33" count="18" type="stmt"/>
        <line num="35" count="18" type="cond" truecount="3" falsecount="0"/>
        <line num="37" count="1" type="stmt"/>
        <line num="39" count="18" type="cond" truecount="2" falsecount="0"/>
        <line num="43" count="13" type="stmt"/>
        <line num="45" count="13" type="stmt"/>
        <line num="59" count="18" type="stmt"/>
      </file>
      <file name="movie-api.ts" path="/home/lacerda/Documentos/GitHub/react-frontend-challenge/src/entities/movie/api/movie-api.ts">
        <metrics statements="15" coveredstatements="15" conditionals="8" coveredconditionals="8" methods="8" coveredmethods="8"/>
        <line num="12" count="5" type="stmt"/>
        <line num="14" count="9" type="stmt"/>
        <line num="15" count="8" type="stmt"/>
        <line num="22" count="2" type="stmt"/>
        <line num="27" count="2" type="stmt"/>
        <line num="34" count="7" type="stmt"/>
        <line num="52" count="7" type="stmt"/>
        <line num="56" count="11" type="stmt"/>
        <line num="61" count="10" type="stmt"/>
        <line num="65" count="16" type="stmt"/>
        <line num="66" count="15" type="stmt"/>
        <line num="70" count="9" type="stmt"/>
        <line num="71" count="8" type="stmt"/>
        <line num="72" count="16" type="stmt"/>
        <line num="73" count="8" type="stmt"/>
      </file>
      <file name="queries.ts" path="/home/lacerda/Documentos/GitHub/react-frontend-challenge/src/entities/movie/api/queries.ts">
        <metrics statements="20" coveredstatements="20" conditionals="8" coveredconditionals="6" methods="15" coveredmethods="15"/>
        <line num="8" count="4" type="stmt"/>
        <line num="20" count="18" type="stmt"/>
        <line num="22" count="18" type="cond" truecount="2" falsecount="0"/>
        <line num="23" count="5" type="stmt"/>
        <line num="29" count="13" type="cond" truecount="2" falsecount="0"/>
        <line num="30" count="2" type="stmt"/>
        <line num="33" count="11" type="stmt"/>
        <line num="37" count="81" type="stmt"/>
        <line num="39" count="29" type="stmt"/>
        <line num="41" count="10" type="stmt"/>
        <line num="44" count="39" type="cond" truecount="2" falsecount="2"/>
        <line num="50" count="312" type="stmt"/>
        <line num="52" count="104" type="stmt"/>
        <line num="54" count="16" type="stmt"/>
        <line num="60" count="30" type="stmt"/>
        <line num="62" count="8" type="stmt"/>
        <line num="68" count="19" type="stmt"/>
        <line num="70" count="10" type="stmt"/>
        <line num="75" count="57" type="stmt"/>
        <line num="76" count="19" type="stmt"/>
      </file>
      <file name="query-keys.ts" path="/home/lacerda/Documentos/GitHub/react-frontend-challenge/src/entities/movie/api/query-keys.ts">
        <metrics statements="6" coveredstatements="6" conditionals="0" coveredconditionals="0" methods="5" coveredmethods="5"/>
        <line num="4" count="4" type="stmt"/>
        <line num="6" count="29" type="stmt"/>
        <line num="7" count="29" type="stmt"/>
        <line num="8" count="19" type="stmt"/>
        <line num="9" count="104" type="stmt"/>
        <line num="10" count="30" type="stmt"/>
      </file>
    </package>
    <package name="src.entities.movie.lib">
      <metrics statements="18" coveredstatements="17" conditionals="34" coveredconditionals="34" methods="10" coveredmethods="9"/>
      <file name="filter-movies.ts" path="/home/lacerda/Documentos/GitHub/react-frontend-challenge/src/entities/movie/lib/filter-movies.ts">
        <metrics statements="16" coveredstatements="15" conditionals="32" coveredconditionals="32" methods="7" coveredmethods="6"/>
        <line num="4" count="109" type="cond" truecount="2" falsecount="0"/>
        <line num="5" count="108" type="stmt"/>
        <line num="6" count="108" type="cond" truecount="2" falsecount="0"/>
        <line num="10" count="28" type="cond" truecount="4" falsecount="0"/>
        <line num="11" count="25" type="cond" truecount="4" falsecount="0"/>
        <line num="12" count="23" type="cond" truecount="4" falsecount="0"/>
        <line num="13" count="22" type="cond" truecount="4" falsecount="0"/>
        <line num="14" count="20" type="cond" truecount="4" falsecount="0"/>
        <line num="15" count="19" type="cond" truecount="4" falsecount="0"/>
        <line num="16" count="18" type="stmt"/>
        <line num="20" count="10" type="stmt"/>
        <line num="23" count="5" type="stmt"/>
        <line num="26" count="0" type="stmt"/>
        <line num="30" count="76" type="stmt"/>
        <line num="39" count="76" type="stmt"/>
        <line num="43" count="43" type="stmt"/>
      </file>
      <file name="use-genre-map.ts" path="/home/lacerda/Documentos/GitHub/react-frontend-challenge/src/entities/movie/lib/use-genre-map.ts">
        <metrics statements="2" coveredstatements="2" conditionals="2" coveredconditionals="2" methods="3" coveredmethods="3"/>
        <line num="5" count="74" type="stmt"/>
        <line num="7" count="74" type="cond" truecount="2" falsecount="0"/>
      </file>
    </package>
    <package name="src.entities.movie.model">
      <metrics statements="1" coveredstatements="1" conditionals="0" coveredconditionals="0" methods="0" coveredmethods="0"/>
      <file name="types.ts" path="/home/lacerda/Documentos/GitHub/react-frontend-challenge/src/entities/movie/model/types.ts">
        <metrics statements="1" coveredstatements="1" conditionals="0" coveredconditionals="0" methods="0" coveredmethods="0"/>
        <line num="46" count="3" type="stmt"/>
      </file>
    </package>
    <package name="src.entities.movie.ui">
      <metrics statements="38" coveredstatements="34" conditionals="51" coveredconditionals="29" methods="19" coveredmethods="15"/>
      <file name="cast-list.tsx" path="/home/lacerda/Documentos/GitHub/react-frontend-challenge/src/entities/movie/ui/cast-list.tsx">
        <metrics statements="6" coveredstatements="4" conditionals="2" coveredconditionals="1" methods="4" coveredmethods="2"/>
        <line num="7" count="0" type="stmt"/>
        <line num="11" count="0" type="stmt"/>
        <line num="21" count="1" type="stmt"/>
        <line num="23" count="1" type="stmt"/>
        <line num="26" count="1" type="stmt"/>
        <line num="27" count="1" type="stmt"/>
      </file>
      <file name="genre-badges.tsx" path="/home/lacerda/Documentos/GitHub/react-frontend-challenge/src/entities/movie/ui/genre-badges.tsx">
        <metrics statements="5" coveredstatements="5" conditionals="5" coveredconditionals="5" methods="2" coveredmethods="2"/>
        <line num="11" count="128" type="cond" truecount="2" falsecount="0"/>
        <line num="13" count="115" type="stmt"/>
        <line num="14" count="115" type="stmt"/>
        <line num="16" count="115" type="stmt"/>
        <line num="19" count="120" type="stmt"/>
      </file>
      <file name="movie-card-skeleton.tsx" path="/home/lacerda/Documentos/GitHub/react-frontend-challenge/src/entities/movie/ui/movie-card-skeleton.tsx">
        <metrics statements="1" coveredstatements="1" conditionals="0" coveredconditionals="0" methods="1" coveredmethods="1"/>
        <line num="4" count="96" type="stmt"/>
      </file>
      <file name="movie-card.tsx" path="/home/lacerda/Documentos/GitHub/react-frontend-challenge/src/entities/movie/ui/movie-card.tsx">
        <metrics statements="14" coveredstatements="14" conditionals="21" coveredconditionals="12" methods="6" coveredmethods="6"/>
        <line num="19" count="70" type="cond" truecount="3" falsecount="0"/>
        <line num="23" count="14" type="stmt"/>
        <line num="24" count="14" type="stmt"/>
        <line num="26" count="14" type="stmt"/>
        <line num="27" count="14" type="stmt"/>
        <line num="28" count="14" type="stmt"/>
        <line num="29" count="14" type="stmt"/>
        <line num="30" count="14" type="stmt"/>
        <line num="31" count="14" type="cond" truecount="1" falsecount="1"/>
        <line num="33" count="14" type="stmt"/>
        <line num="42" count="1" type="cond" truecount="1" falsecount="1"/>
        <line num="43" count="1" type="stmt"/>
        <line num="44" count="1" type="stmt"/>
        <line num="47" count="14" type="stmt"/>
      </file>
      <file name="movie-poster.tsx" path="/home/lacerda/Documentos/GitHub/react-frontend-challenge/src/entities/movie/ui/movie-poster.tsx">
        <metrics statements="8" coveredstatements="6" conditionals="19" coveredconditionals="8" methods="4" coveredmethods="2"/>
        <line num="15" count="136" type="stmt"/>
        <line num="16" count="136" type="stmt"/>
        <line num="17" count="136" type="cond" truecount="2" falsecount="0"/>
        <line num="19" count="136" type="stmt"/>
        <line num="20" count="78" type="cond" truecount="2" falsecount="2"/>
        <line num="23" count="136" type="stmt"/>
        <line num="34" count="0" type="stmt"/>
        <line num="35" count="0" type="stmt"/>
      </file>
      <file name="trailer-embed.tsx" path="/home/lacerda/Documentos/GitHub/react-frontend-challenge/src/entities/movie/ui/trailer-embed.tsx">
        <metrics statements="4" coveredstatements="4" conditionals="4" coveredconditionals="3" methods="2" coveredmethods="2"/>
        <line num="14" count="2" type="stmt"/>
        <line num="15" count="2" type="stmt"/>
        <line num="17" count="2" type="stmt"/>
        <line num="31" count="1" type="stmt"/>
      </file>
    </package>
    <package name="src.features.auth.lib">
      <metrics statements="4" coveredstatements="4" conditionals="4" coveredconditionals="3" methods="2" coveredmethods="2"/>
      <file name="initials.ts" path="/home/lacerda/Documentos/GitHub/react-frontend-challenge/src/features/auth/lib/initials.ts">
        <metrics statements="4" coveredstatements="4" conditionals="4" coveredconditionals="3" methods="2" coveredmethods="2"/>
        <line num="2" count="5" type="cond" truecount="1" falsecount="1"/>
        <line num="3" count="5" type="stmt"/>
        <line num="4" count="6" type="cond" truecount="2" falsecount="0"/>
        <line num="5" count="5" type="stmt"/>
      </file>
    </package>
    <package name="src.features.auth.model">
      <metrics statements="8" coveredstatements="8" conditionals="0" coveredconditionals="0" methods="6" coveredmethods="6"/>
      <file name="auth-store.ts" path="/home/lacerda/Documentos/GitHub/react-frontend-challenge/src/features/auth/model/auth-store.ts">
        <metrics statements="6" coveredstatements="6" conditionals="0" coveredconditionals="0" methods="5" coveredmethods="5"/>
        <line num="12" count="8" type="stmt"/>
        <line num="15" count="2" type="stmt"/>
        <line num="17" count="2" type="stmt"/>
        <line num="20" count="6" type="stmt"/>
        <line num="21" count="1" type="stmt"/>
        <line num="28" count="3" type="stmt"/>
      </file>
      <file name="login-schema.ts" path="/home/lacerda/Documentos/GitHub/react-frontend-challenge/src/features/auth/model/login-schema.ts">
        <metrics statements="2" coveredstatements="2" conditionals="0" coveredconditionals="0" methods="1" coveredmethods="1"/>
        <line num="3" count="2" type="stmt"/>
        <line num="11" count="8" type="stmt"/>
      </file>
    </package>
    <package name="src.features.auth.ui">
      <metrics statements="25" coveredstatements="13" conditionals="12" coveredconditionals="8" methods="11" coveredmethods="5"/>
      <file name="login-form.tsx" path="/home/lacerda/Documentos/GitHub/react-frontend-challenge/src/features/auth/ui/login-form.tsx">
        <metrics statements="13" coveredstatements="13" conditionals="8" coveredconditionals="8" methods="5" coveredmethods="5"/>
        <line num="21" count="22" type="stmt"/>
        <line num="22" count="22" type="stmt"/>
        <line num="23" count="69" type="stmt"/>
        <line num="25" count="22" type="stmt"/>
        <line num="27" count="22" type="stmt"/>
        <line num="32" count="22" type="stmt"/>
        <line num="33" count="22" type="cond" truecount="2" falsecount="0"/>
        <line num="36" count="3" type="stmt"/>
        <line num="37" count="3" type="stmt"/>
        <line num="38" count="3" type="stmt"/>
        <line num="39" count="3" type="stmt"/>
        <line num="40" count="3" type="cond" truecount="2" falsecount="0"/>
        <line num="43" count="22" type="stmt"/>
      </file>
      <file name="user-menu.tsx" path="/home/lacerda/Documentos/GitHub/react-frontend-challenge/src/features/auth/ui/user-menu.tsx">
        <metrics statements="12" coveredstatements="0" conditionals="4" coveredconditionals="0" methods="6" coveredmethods="0"/>
        <line num="18" count="0" type="stmt"/>
        <line num="19" count="0" type="stmt"/>
        <line num="20" count="0" type="stmt"/>
        <line num="21" count="0" type="stmt"/>
        <line num="23" count="0" type="cond" truecount="0" falsecount="2"/>
        <line num="26" count="0" type="stmt"/>
        <line num="27" count="0" type="stmt"/>
        <line num="28" count="0" type="stmt"/>
        <line num="31" count="0" type="stmt"/>
        <line num="32" count="0" type="cond" truecount="0" falsecount="2"/>
        <line num="49" count="0" type="stmt"/>
        <line num="50" count="0" type="stmt"/>
      </file>
    </package>
    <package name="src.features.locale.ui">
      <metrics statements="7" coveredstatements="0" conditionals="6" coveredconditionals="0" methods="5" coveredmethods="0"/>
      <file name="locale-switcher.tsx" path="/home/lacerda/Documentos/GitHub/react-frontend-challenge/src/features/locale/ui/locale-switcher.tsx">
        <metrics statements="7" coveredstatements="0" conditionals="6" coveredconditionals="0" methods="5" coveredmethods="0"/>
        <line num="14" count="0" type="stmt"/>
        <line num="15" count="0" type="stmt"/>
        <line num="17" count="0" type="stmt"/>
        <line num="18" count="0" type="cond" truecount="0" falsecount="2"/>
        <line num="28" count="0" type="stmt"/>
        <line num="31" count="0" type="cond" truecount="0" falsecount="2"/>
        <line num="32" count="0" type="stmt"/>
      </file>
    </package>
    <package name="src.features.movie-filters.model">
      <metrics statements="6" coveredstatements="6" conditionals="0" coveredconditionals="0" methods="6" coveredmethods="6"/>
      <file name="filters-store.ts" path="/home/lacerda/Documentos/GitHub/react-frontend-challenge/src/features/movie-filters/model/filters-store.ts">
        <metrics statements="6" coveredstatements="6" conditionals="0" coveredconditionals="0" methods="6" coveredmethods="6"/>
        <line num="12" count="2" type="stmt"/>
        <line num="14" count="2" type="stmt"/>
        <line num="16" count="2" type="stmt"/>
        <line num="18" count="6" type="stmt"/>
        <line num="19" count="8" type="stmt"/>
        <line num="20" count="15" type="stmt"/>
      </file>
    </package>
    <package name="src.features.movie-filters.ui">
      <metrics statements="42" coveredstatements="31" conditionals="25" coveredconditionals="20" methods="23" coveredmethods="11"/>
      <file name="movie-filters.tsx" path="/home/lacerda/Documentos/GitHub/react-frontend-challenge/src/features/movie-filters/ui/movie-filters.tsx">
        <metrics statements="42" coveredstatements="31" conditionals="25" coveredconditionals="20" methods="23" coveredmethods="11"/>
        <line num="15" count="1" type="stmt"/>
        <line num="16" count="1" type="stmt"/>
        <line num="17" count="1" type="stmt"/>
        <line num="18" count="77" type="stmt"/>
        <line num="19" count="77" type="stmt"/>
        <line num="23" count="0" type="cond" truecount="0" falsecount="2"/>
        <line num="34" count="120" type="stmt"/>
        <line num="49" count="30" type="stmt"/>
        <line num="50" count="30" type="stmt"/>
        <line num="51" count="30" type="stmt"/>
        <line num="52" count="30" type="stmt"/>
        <line num="64" count="30" type="stmt"/>
        <line num="66" count="30" type="stmt"/>
        <line num="67" count="30" type="cond" truecount="2" falsecount="0"/>
        <line num="68" count="30" type="stmt"/>
        <line num="69" count="30" type="stmt"/>
        <line num="70" count="30" type="stmt"/>
        <line num="72" count="30" type="stmt"/>
        <line num="74" count="15" type="cond" truecount="2" falsecount="0"/>
        <line num="81" count="30" type="stmt"/>
        <line num="82" count="15" type="stmt"/>
        <line num="83" count="15" type="cond" truecount="2" falsecount="0"/>
        <line num="85" count="7" type="stmt"/>
        <line num="86" count="7" type="stmt"/>
        <line num="87" count="7" type="cond" truecount="1" falsecount="1"/>
        <line num="91" count="7" type="stmt"/>
        <line num="93" count="0" type="stmt"/>
        <line num="96" count="30" type="stmt"/>
        <line num="98" count="56" type="stmt"/>
        <line num="105" count="30" type="cond" truecount="2" falsecount="0"/>
        <line num="107" count="30" type="stmt"/>
        <line num="117" count="4" type="stmt"/>
        <line num="127" count="0" type="stmt"/>
        <line num="147" count="0" type="stmt"/>
        <line num="159" count="0" type="stmt"/>
        <line num="177" count="0" type="stmt"/>
        <line num="184" count="0" type="stmt"/>
        <line num="198" count="0" type="stmt"/>
        <line num="199" count="150" type="stmt"/>
        <line num="213" count="0" type="stmt"/>
        <line num="214" count="0" type="stmt"/>
        <line num="223" count="0" type="stmt"/>
      </file>
    </package>
    <package name="src.features.settings.model">
      <metrics statements="3" coveredstatements="3" conditionals="0" coveredconditionals="0" methods="2" coveredmethods="2"/>
      <file name="settings-store.ts" path="/home/lacerda/Documentos/GitHub/react-frontend-challenge/src/features/settings/model/settings-store.ts">
        <metrics statements="3" coveredstatements="3" conditionals="0" coveredconditionals="0" methods="2" coveredmethods="2"/>
        <line num="9" count="1" type="stmt"/>
        <line num="11" count="1" type="stmt"/>
        <line num="13" count="2" type="stmt"/>
      </file>
    </package>
    <package name="src.features.settings.ui">
      <metrics statements="17" coveredstatements="0" conditionals="8" coveredconditionals="0" methods="11" coveredmethods="0"/>
      <file name="settings-form.tsx" path="/home/lacerda/Documentos/GitHub/react-frontend-challenge/src/features/settings/ui/settings-form.tsx">
        <metrics statements="17" coveredstatements="0" conditionals="8" coveredconditionals="0" methods="11" coveredmethods="0"/>
        <line num="16" count="0" type="stmt"/>
        <line num="30" count="0" type="stmt"/>
        <line num="31" count="0" type="stmt"/>
        <line num="32" count="0" type="stmt"/>
        <line num="33" count="0" type="stmt"/>
        <line num="34" count="0" type="stmt"/>
        <line num="35" count="0" type="stmt"/>
        <line num="38" count="0" type="cond" truecount="0" falsecount="2"/>
        <line num="39" count="0" type="cond" truecount="0" falsecount="2"/>
        <line num="40" count="0" type="stmt"/>
        <line num="44" count="0" type="cond" truecount="0" falsecount="2"/>
        <line num="45" count="0" type="stmt"/>
        <line num="46" count="0" type="stmt"/>
        <line num="50" count="0" type="stmt"/>
        <line num="51" count="0" type="cond" truecount="0" falsecount="2"/>
        <line num="54" count="0" type="stmt"/>
        <line num="73" count="0" type="stmt"/>
      </file>
    </package>
    <package name="src.features.theme.model">
      <metrics statements="9" coveredstatements="9" conditionals="2" coveredconditionals="2" methods="6" coveredmethods="6"/>
      <file name="theme-store.ts" path="/home/lacerda/Documentos/GitHub/react-frontend-challenge/src/features/theme/model/theme-store.ts">
        <metrics statements="9" coveredstatements="9" conditionals="2" coveredconditionals="2" methods="6" coveredmethods="6"/>
        <line num="12" count="1" type="stmt"/>
        <line num="14" count="1" type="stmt"/>
        <line num="16" count="4" type="stmt"/>
        <line num="17" count="2" type="cond" truecount="2" falsecount="0"/>
        <line num="24" count="12" type="stmt"/>
        <line num="25" count="12" type="stmt"/>
        <line num="26" count="12" type="stmt"/>
        <line num="29" count="1" type="stmt"/>
        <line num="30" count="11" type="stmt"/>
      </file>
    </package>
    <package name="src.features.theme.ui">
      <metrics statements="7" coveredstatements="0" conditionals="6" coveredconditionals="0" methods="4" coveredmethods="0"/>
      <file name="theme-toggle.tsx" path="/home/lacerda/Documentos/GitHub/react-frontend-challenge/src/features/theme/ui/theme-toggle.tsx">
        <metrics statements="7" coveredstatements="0" conditionals="6" coveredconditionals="0" methods="4" coveredmethods="0"/>
        <line num="9" count="0" type="stmt"/>
        <line num="10" count="0" type="stmt"/>
        <line num="11" count="0" type="stmt"/>
        <line num="12" count="0" type="cond" truecount="0" falsecount="2"/>
        <line num="15" count="0" type="cond" truecount="0" falsecount="2"/>
        <line num="16" count="0" type="stmt"/>
        <line num="19" count="0" type="stmt"/>
      </file>
    </package>
    <package name="src.features.watchlist.model">
      <metrics statements="9" coveredstatements="9" conditionals="4" coveredconditionals="4" methods="12" coveredmethods="12"/>
      <file name="watchlist-filters.ts" path="/home/lacerda/Documentos/GitHub/react-frontend-challenge/src/features/watchlist/model/watchlist-filters.ts">
        <metrics statements="2" coveredstatements="2" conditionals="2" coveredconditionals="2" methods="1" coveredmethods="1"/>
        <line num="11" count="3" type="stmt"/>
        <line num="14" count="58" type="stmt"/>
      </file>
      <file name="watchlist-store.ts" path="/home/lacerda/Documentos/GitHub/react-frontend-challenge/src/features/watchlist/model/watchlist-store.ts">
        <metrics statements="7" coveredstatements="7" conditionals="2" coveredconditionals="2" methods="11" coveredmethods="11"/>
        <line num="16" count="5" type="stmt"/>
        <line num="18" count="5" type="stmt"/>
        <line num="21" count="30" type="stmt"/>
        <line num="22" count="30" type="cond" truecount="2" falsecount="0"/>
        <line num="26" count="6" type="stmt"/>
        <line num="27" count="1" type="stmt"/>
        <line num="34" count="119" type="stmt"/>
      </file>
    </package>
    <package name="src.features.watchlist.ui">
      <metrics statements="31" coveredstatements="24" conditionals="25" coveredconditionals="20" methods="16" coveredmethods="8"/>
      <file name="watchlist-filters.tsx" path="/home/lacerda/Documentos/GitHub/react-frontend-challenge/src/features/watchlist/ui/watchlist-filters.tsx">
        <metrics statements="17" coveredstatements="10" conditionals="12" coveredconditionals="7" methods="12" coveredmethods="4"/>
        <line num="19" count="3" type="stmt"/>
        <line num="36" count="58" type="stmt"/>
        <line num="37" count="58" type="stmt"/>
        <line num="38" count="58" type="stmt"/>
        <line num="39" count="58" type="cond" truecount="2" falsecount="0"/>
        <line num="40" count="58" type="stmt"/>
        <line num="43" count="15" type="stmt"/>
        <line num="46" count="58" type="stmt"/>
        <line num="56" count="15" type="stmt"/>
        <line num="66" count="0" type="stmt"/>
        <line num="92" count="0" type="stmt"/>
        <line num="110" count="0" type="cond" truecount="0" falsecount="2"/>
        <line num="128" count="0" type="stmt"/>
        <line num="140" count="0" type="stmt"/>
        <line num="154" count="0" type="stmt"/>
        <line num="155" count="290" type="stmt"/>
        <line num="162" count="0" type="stmt"/>
      </file>
      <file name="watchlist-toggle.tsx" path="/home/lacerda/Documentos/GitHub/react-frontend-challenge/src/features/watchlist/ui/watchlist-toggle.tsx">
        <metrics statements="14" coveredstatements="14" conditionals="13" coveredconditionals="13" methods="4" coveredmethods="4"/>
        <line num="18" count="37" type="stmt"/>
        <line num="19" count="37" type="stmt"/>
        <line num="20" count="119" type="stmt"/>
        <line num="21" count="119" type="stmt"/>
        <line num="22" count="37" type="cond" truecount="2" falsecount="0"/>
        <line num="25" count="7" type="cond" truecount="2" falsecount="0"/>
        <line num="26" count="1" type="stmt"/>
        <line num="27" count="1" type="stmt"/>
        <line num="28" count="1" type="stmt"/>
        <line num="30" count="6" type="stmt"/>
        <line num="31" count="6" type="stmt"/>
        <line num="32" count="6" type="stmt"/>
        <line num="36" count="37" type="cond" truecount="2" falsecount="0"/>
        <line num="38" count="37" type="stmt"/>
      </file>
    </package>
    <package name="src.pages.error">
      <metrics statements="9" coveredstatements="0" conditionals="2" coveredconditionals="0" methods="4" coveredmethods="0"/>
      <file name="error-page.tsx" path="/home/lacerda/Documentos/GitHub/react-frontend-challenge/src/pages/error/error-page.tsx">
        <metrics statements="9" coveredstatements="0" conditionals="2" coveredconditionals="0" methods="4" coveredmethods="0"/>
        <line num="9" count="0" type="stmt"/>
        <line num="10" count="0" type="stmt"/>
        <line num="11" count="0" type="stmt"/>
        <line num="13" count="0" type="stmt"/>
        <line num="14" count="0" type="stmt"/>
        <line num="18" count="0" type="stmt"/>
        <line num="19" count="0" type="stmt"/>
        <line num="22" count="0" type="stmt"/>
        <line num="34" count="0" type="stmt"/>
      </file>
    </package>
    <package name="src.pages.home">
      <metrics statements="27" coveredstatements="24" conditionals="43" coveredconditionals="34" methods="9" coveredmethods="8"/>
      <file name="home-page.tsx" path="/home/lacerda/Documentos/GitHub/react-frontend-challenge/src/pages/home/home-page.tsx">
        <metrics statements="27" coveredstatements="24" conditionals="43" coveredconditionals="34" methods="9" coveredmethods="8"/>
        <line num="19" count="1" type="stmt"/>
        <line num="22" count="29" type="stmt"/>
        <line num="23" count="86" type="stmt"/>
        <line num="24" count="29" type="cond" truecount="1" falsecount="1"/>
        <line num="26" count="29" type="stmt"/>
        <line num="27" count="14" type="stmt"/>
        <line num="31" count="29" type="stmt"/>
        <line num="32" count="29" type="stmt"/>
        <line num="33" count="16" type="stmt"/>
        <line num="34" count="16" type="cond" truecount="2" falsecount="0"/>
        <line num="35" count="8" type="stmt"/>
        <line num="37" count="16" type="stmt"/>
        <line num="39" count="29" type="cond" truecount="2" falsecount="0"/>
        <line num="41" count="29" type="stmt"/>
        <line num="42" count="29" type="stmt"/>
        <line num="44" count="29" type="stmt"/>
        <line num="45" count="14" type="cond" truecount="2" falsecount="3"/>
        <line num="48" count="29" type="stmt"/>
        <line num="49" count="29" type="stmt"/>
        <line num="50" count="16" type="cond" truecount="2" falsecount="2"/>
        <line num="51" count="0" type="stmt"/>
        <line num="52" count="0" type="cond" truecount="0" falsecount="2"/>
        <line num="55" count="29" type="cond" truecount="2" falsecount="0"/>
        <line num="61" count="29" type="stmt"/>
        <line num="80" count="0" type="stmt"/>
        <line num="89" count="96" type="stmt"/>
        <line num="108" count="21" type="stmt"/>
      </file>
    </package>
    <package name="src.pages.login">
      <metrics statements="4" coveredstatements="0" conditionals="0" coveredconditionals="0" methods="1" coveredmethods="0"/>
      <file name="login-page.tsx" path="/home/lacerda/Documentos/GitHub/react-frontend-challenge/src/pages/login/login-page.tsx">
        <metrics statements="4" coveredstatements="0" conditionals="0" coveredconditionals="0" methods="1" coveredmethods="0"/>
        <line num="6" count="0" type="stmt"/>
        <line num="9" count="0" type="stmt"/>
        <line num="10" count="0" type="stmt"/>
        <line num="12" count="0" type="stmt"/>
      </file>
    </package>
    <package name="src.pages.movie">
      <metrics statements="23" coveredstatements="22" conditionals="40" coveredconditionals="25" methods="8" coveredmethods="7"/>
      <file name="movie-page.tsx" path="/home/lacerda/Documentos/GitHub/react-frontend-challenge/src/pages/movie/movie-page.tsx">
        <metrics statements="23" coveredstatements="22" conditionals="40" coveredconditionals="25" methods="8" coveredmethods="7"/>
        <line num="22" count="1" type="stmt"/>
        <line num="25" count="10" type="stmt"/>
        <line num="43" count="19" type="stmt"/>
        <line num="44" count="19" type="stmt"/>
        <line num="45" count="19" type="stmt"/>
        <line num="47" count="19" type="stmt"/>
        <line num="49" count="19" type="stmt"/>
        <line num="50" count="19" type="stmt"/>
        <line num="52" count="19" type="cond" truecount="2" falsecount="0"/>
        <line num="54" count="9" type="cond" truecount="2" falsecount="0"/>
        <line num="55" count="1" type="cond" truecount="2" falsecount="0"/>
        <line num="56" count="1" type="stmt"/>
        <line num="65" count="0" type="stmt"/>
        <line num="75" count="8" type="stmt"/>
        <line num="76" count="9" type="stmt"/>
        <line num="77" count="8" type="stmt"/>
        <line num="78" count="8" type="stmt"/>
        <line num="79" count="8" type="stmt"/>
        <line num="81" count="8" type="cond" truecount="1" falsecount="1"/>
        <line num="85" count="19" type="stmt"/>
        <line num="95" count="19" type="stmt"/>
        <line num="138" count="9" type="stmt"/>
        <line num="152" count="32" type="stmt"/>
      </file>
    </package>
    <package name="src.pages.not-found">
      <metrics statements="2" coveredstatements="0" conditionals="0" coveredconditionals="0" methods="1" coveredmethods="0"/>
      <file name="not-found-page.tsx" path="/home/lacerda/Documentos/GitHub/react-frontend-challenge/src/pages/not-found/not-found-page.tsx">
        <metrics statements="2" coveredstatements="0" conditionals="0" coveredconditionals="0" methods="1" coveredmethods="0"/>
        <line num="6" count="0" type="stmt"/>
        <line num="8" count="0" type="stmt"/>
      </file>
    </package>
    <package name="src.pages.settings">
      <metrics statements="3" coveredstatements="0" conditionals="2" coveredconditionals="0" methods="2" coveredmethods="0"/>
      <file name="settings-page.tsx" path="/home/lacerda/Documentos/GitHub/react-frontend-challenge/src/pages/settings/settings-page.tsx">
        <metrics statements="3" coveredstatements="0" conditionals="2" coveredconditionals="0" methods="2" coveredmethods="0"/>
        <line num="6" count="0" type="stmt"/>
        <line num="7" count="0" type="stmt"/>
        <line num="9" count="0" type="stmt"/>
      </file>
    </package>
    <package name="src.pages.watchlist">
      <metrics statements="78" coveredstatements="71" conditionals="58" coveredconditionals="41" methods="44" coveredmethods="40"/>
      <file name="watchlist-page.tsx" path="/home/lacerda/Documentos/GitHub/react-frontend-challenge/src/pages/watchlist/watchlist-page.tsx">
        <metrics statements="78" coveredstatements="71" conditionals="58" coveredconditionals="41" methods="44" coveredmethods="40"/>
        <line num="36" count="1" type="stmt"/>
        <line num="39" count="60" type="stmt"/>
        <line num="40" count="182" type="stmt"/>
        <line num="41" count="182" type="stmt"/>
        <line num="42" count="60" type="stmt"/>
        <line num="43" count="60" type="stmt"/>
        <line num="44" count="60" type="stmt"/>
        <line num="46" count="60" type="stmt"/>
        <line num="47" count="60" type="stmt"/>
        <line num="49" count="60" type="stmt"/>
        <line num="51" count="16" type="stmt"/>
        <line num="52" count="23" type="stmt"/>
        <line num="54" count="23" type="stmt"/>
        <line num="57" count="23" type="stmt"/>
        <line num="61" count="60" type="stmt"/>
        <line num="63" count="23" type="stmt"/>
        <line num="66" count="60" type="stmt"/>
        <line num="67" count="16" type="stmt"/>
        <line num="68" count="23" type="stmt"/>
        <line num="70" count="14" type="stmt"/>
        <line num="71" count="14" type="stmt"/>
        <line num="72" count="14" type="cond" truecount="1" falsecount="1"/>
        <line num="76" count="14" type="stmt"/>
        <line num="78" count="0" type="stmt"/>
        <line num="81" count="60" type="stmt"/>
        <line num="83" count="23" type="stmt"/>
        <line num="84" count="9" type="stmt"/>
        <line num="85" count="23" type="stmt"/>
        <line num="89" count="60" type="stmt"/>
        <line num="90" count="23" type="stmt"/>
        <line num="91" count="23" type="cond" truecount="1" falsecount="1"/>
        <line num="92" count="23" type="cond" truecount="1" falsecount="1"/>
        <line num="93" count="23" type="cond" truecount="3" falsecount="1"/>
        <line num="94" count="0" type="cond" truecount="0" falsecount="4"/>
        <line num="96" count="23" type="cond" truecount="1" falsecount="1"/>
        <line num="97" count="23" type="cond" truecount="1" falsecount="1"/>
        <line num="98" count="23" type="stmt"/>
        <line num="101" count="60" type="stmt"/>
        <line num="103" count="1" type="stmt"/>
        <line num="104" count="1" type="stmt"/>
        <line num="105" count="1" type="stmt"/>
        <line num="110" count="60" type="stmt"/>
        <line num="111" count="8" type="stmt"/>
        <line num="115" count="57" type="stmt"/>
        <line num="133" count="57" type="cond" truecount="2" falsecount="0"/>
        <line num="138" count="0" type="stmt"/>
        <line num="149" count="57" type="stmt"/>
        <line num="150" count="57" type="cond" truecount="1" falsecount="1"/>
        <line num="158" count="57" type="stmt"/>
        <line num="168" count="57" type="stmt"/>
        <line num="177" count="57" type="cond" truecount="1" falsecount="1"/>
        <line num="183" count="57" type="stmt"/>
        <line num="187" count="1" type="stmt"/>
        <line num="200" count="60" type="stmt"/>
        <line num="206" count="109" type="stmt"/>
        <line num="212" count="60" type="stmt"/>
        <line num="214" count="60" type="stmt"/>
        <line num="216" count="480" type="cond" truecount="2" falsecount="0"/>
        <line num="217" count="60" type="stmt"/>
        <line num="218" count="60" type="stmt"/>
        <line num="219" count="360" type="stmt"/>
        <line num="220" count="360" type="stmt"/>
        <line num="226" count="60" type="cond" truecount="2" falsecount="0"/>
        <line num="227" count="2" type="stmt"/>
        <line num="241" count="58" type="stmt"/>
        <line num="261" count="0" type="cond" truecount="0" falsecount="2"/>
        <line num="262" count="0" type="stmt"/>
        <line num="263" count="0" type="cond" truecount="0" falsecount="2"/>
        <line num="292" count="58" type="stmt"/>
        <line num="294" count="406" type="stmt"/>
        <line num="295" count="406" type="stmt"/>
        <line num="296" count="406" type="cond" truecount="4" falsecount="0"/>
        <line num="297" count="406" type="cond" truecount="4" falsecount="0"/>
        <line num="299" count="406" type="stmt"/>
        <line num="325" count="57" type="stmt"/>
        <line num="327" count="399" type="stmt"/>
        <line num="339" count="57" type="stmt"/>
        <line num="361" count="0" type="stmt"/>
      </file>
    </package>
    <package name="src.shared.api">
      <metrics statements="12" coveredstatements="12" conditionals="10" coveredconditionals="9" methods="3" coveredmethods="3"/>
      <file name="tmdb-client.ts" path="/home/lacerda/Documentos/GitHub/react-frontend-challenge/src/shared/api/tmdb-client.ts">
        <metrics statements="12" coveredstatements="12" conditionals="10" coveredconditionals="9" methods="3" coveredmethods="3"/>
        <line num="7" count="4" type="stmt"/>
        <line num="10" count="4" type="stmt"/>
        <line num="11" count="4" type="stmt"/>
        <line num="16" count="54" type="stmt"/>
        <line num="18" count="54" type="stmt"/>
        <line num="19" count="150" type="cond" truecount="4" falsecount="0"/>
        <line num="20" count="107" type="stmt"/>
        <line num="24" count="54" type="stmt"/>
        <line num="32" count="54" type="cond" truecount="2" falsecount="0"/>
        <line num="33" count="4" type="stmt"/>
        <line num="36" count="50" type="stmt"/>
        <line num="42" count="147" type="cond" truecount="1" falsecount="1"/>
      </file>
    </package>
    <package name="src.shared.config">
      <metrics statements="4" coveredstatements="3" conditionals="2" coveredconditionals="1" methods="0" coveredmethods="0"/>
      <file name="env.ts" path="/home/lacerda/Documentos/GitHub/react-frontend-challenge/src/shared/config/env.ts">
        <metrics statements="4" coveredstatements="3" conditionals="2" coveredconditionals="1" methods="0" coveredmethods="0"/>
        <line num="1" count="5" type="stmt"/>
        <line num="3" count="5" type="cond" truecount="1" falsecount="1"/>
        <line num="4" count="0" type="stmt"/>
        <line num="9" count="5" type="stmt"/>
      </file>
    </package>
    <package name="src.shared.i18n">
      <metrics statements="4" coveredstatements="3" conditionals="0" coveredconditionals="0" methods="3" coveredmethods="2"/>
      <file name="use-translation.ts" path="/home/lacerda/Documentos/GitHub/react-frontend-challenge/src/shared/i18n/use-translation.ts">
        <metrics statements="4" coveredstatements="3" conditionals="0" coveredconditionals="0" methods="3" coveredmethods="2"/>
        <line num="7" count="21" type="stmt"/>
        <line num="14" count="0" type="stmt"/>
        <line num="18" count="1532" type="stmt"/>
        <line num="19" count="513" type="stmt"/>
      </file>
    </package>
    <package name="src.shared.i18n.locales">
      <metrics statements="42" coveredstatements="14" conditionals="12" coveredconditionals="3" methods="39" coveredmethods="11"/>
      <file name="en-US.ts" path="/home/lacerda/Documentos/GitHub/react-frontend-challenge/src/shared/i18n/locales/en-US.ts">
        <metrics statements="14" coveredstatements="1" conditionals="4" coveredconditionals="0" methods="13" coveredmethods="0"/>
        <line num="3" count="21" type="stmt"/>
        <line num="65" count="0" type="stmt"/>
        <line num="71" count="0" type="stmt"/>
        <line num="89" count="0" type="stmt"/>
        <line num="90" count="0" type="stmt"/>
        <line num="97" count="0" type="stmt"/>
        <line num="98" count="0" type="stmt"/>
        <line num="100" count="0" type="stmt"/>
        <line num="101" count="0" type="cond" truecount="0" falsecount="2"/>
        <line num="111" count="0" type="stmt"/>
        <line num="139" count="0" type="stmt"/>
        <line num="140" count="0" type="stmt"/>
        <line num="141" count="0" type="cond" truecount="0" falsecount="2"/>
        <line num="170" count="0" type="stmt"/>
      </file>
      <file name="es-ES.ts" path="/home/lacerda/Documentos/GitHub/react-frontend-challenge/src/shared/i18n/locales/es-ES.ts">
        <metrics statements="14" coveredstatements="1" conditionals="4" coveredconditionals="0" methods="13" coveredmethods="0"/>
        <line num="3" count="21" type="stmt"/>
        <line num="65" count="0" type="stmt"/>
        <line num="71" count="0" type="stmt"/>
        <line num="89" count="0" type="stmt"/>
        <line num="90" count="0" type="stmt"/>
        <line num="97" count="0" type="stmt"/>
        <line num="98" count="0" type="stmt"/>
        <line num="100" count="0" type="stmt"/>
        <line num="101" count="0" type="cond" truecount="0" falsecount="2"/>
        <line num="111" count="0" type="stmt"/>
        <line num="139" count="0" type="stmt"/>
        <line num="140" count="0" type="stmt"/>
        <line num="141" count="0" type="cond" truecount="0" falsecount="2"/>
        <line num="170" count="0" type="stmt"/>
      </file>
      <file name="pt-BR.ts" path="/home/lacerda/Documentos/GitHub/react-frontend-challenge/src/shared/i18n/locales/pt-BR.ts">
        <metrics statements="14" coveredstatements="12" conditionals="4" coveredconditionals="3" methods="13" coveredmethods="11"/>
        <line num="1" count="21" type="stmt"/>
        <line num="63" count="440" type="stmt"/>
        <line num="69" count="0" type="stmt"/>
        <line num="87" count="2" type="stmt"/>
        <line num="88" count="41" type="stmt"/>
        <line num="95" count="36" type="stmt"/>
        <line num="97" count="44" type="stmt"/>
        <line num="99" count="8" type="stmt"/>
        <line num="100" count="8" type="cond" truecount="1" falsecount="1"/>
        <line num="110" count="1" type="stmt"/>
        <line num="138" count="6" type="stmt"/>
        <line num="139" count="2" type="stmt"/>
        <line num="140" count="58" type="cond" truecount="2" falsecount="0"/>
        <line num="169" count="0" type="stmt"/>
      </file>
    </package>
    <package name="src.shared.i18n.model">
      <metrics statements="12" coveredstatements="10" conditionals="7" coveredconditionals="3" methods="6" coveredmethods="4"/>
      <file name="locale-store.ts" path="/home/lacerda/Documentos/GitHub/react-frontend-challenge/src/shared/i18n/model/locale-store.ts">
        <metrics statements="11" coveredstatements="9" conditionals="7" coveredconditionals="3" methods="6" coveredmethods="4"/>
        <line num="11" count="21" type="stmt"/>
        <line num="12" count="21" type="cond" truecount="1" falsecount="1"/>
        <line num="13" count="21" type="cond" truecount="1" falsecount="1"/>
        <line num="14" count="21" type="stmt"/>
        <line num="18" count="0" type="cond" truecount="0" falsecount="2"/>
        <line num="21" count="21" type="stmt"/>
        <line num="23" count="21" type="stmt"/>
        <line num="25" count="0" type="stmt"/>
        <line num="32" count="194" type="stmt"/>
        <line num="35" count="21" type="stmt"/>
        <line num="36" count="173" type="stmt"/>
      </file>
      <file name="types.ts" path="/home/lacerda/Documentos/GitHub/react-frontend-challenge/src/shared/i18n/model/types.ts">
        <metrics statements="1" coveredstatements="1" conditionals="0" coveredconditionals="0" methods="0" coveredmethods="0"/>
        <line num="3" count="21" type="stmt"/>
      </file>
    </package>
    <package name="src.shared.lib">
      <metrics statements="108" coveredstatements="46" conditionals="33" coveredconditionals="14" methods="24" coveredmethods="19"/>
      <file name="sounds.ts" path="/home/lacerda/Documentos/GitHub/react-frontend-challenge/src/shared/lib/sounds.ts">
        <metrics statements="76" coveredstatements="14" conditionals="23" coveredconditionals="6" methods="8" coveredmethods="4"/>
        <line num="11" count="5" type="stmt"/>
        <line num="13" count="5" type="stmt"/>
        <line num="41" count="5" type="stmt"/>
        <line num="42" count="12" type="stmt"/>
        <line num="45" count="0" type="stmt"/>
        <line num="46" count="0" type="stmt"/>
        <line num="52" count="0" type="cond" truecount="0" falsecount="2"/>
        <line num="53" count="0" type="stmt"/>
        <line num="54" count="0" type="stmt"/>
        <line num="55" count="0" type="stmt"/>
        <line num="56" count="0" type="stmt"/>
        <line num="58" count="0" type="stmt"/>
        <line num="59" count="0" type="stmt"/>
        <line num="63" count="12" type="cond" truecount="1" falsecount="1"/>
        <line num="64" count="0" type="stmt"/>
        <line num="65" count="0" type="stmt"/>
        <line num="66" count="0" type="cond" truecount="0" falsecount="2"/>
        <line num="67" count="0" type="stmt"/>
        <line num="69" count="0" type="stmt"/>
        <line num="73" count="5" type="stmt"/>
        <line num="77" count="0" type="cond" truecount="0" falsecount="2"/>
        <line num="78" count="0" type="stmt"/>
        <line num="79" count="0" type="stmt"/>
        <line num="80" count="0" type="stmt"/>
        <line num="81" count="0" type="stmt"/>
        <line num="82" count="0" type="stmt"/>
        <line num="83" count="0" type="stmt"/>
        <line num="84" count="0" type="stmt"/>
        <line num="85" count="0" type="stmt"/>
        <line num="87" count="0" type="stmt"/>
        <line num="90" count="5" type="stmt"/>
        <line num="91" count="5" type="stmt"/>
        <line num="98" count="1" type="cond" truecount="1" falsecount="1"/>
        <line num="99" count="1" type="stmt"/>
        <line num="100" count="1" type="cond" truecount="1" falsecount="1"/>
        <line num="102" count="0" type="stmt"/>
        <line num="103" count="0" type="cond" truecount="0" falsecount="2"/>
        <line num="104" count="0" type="stmt"/>
        <line num="106" count="0" type="stmt"/>
        <line num="107" count="0" type="stmt"/>
        <line num="108" count="0" type="stmt"/>
        <line num="109" count="0" type="stmt"/>
        <line num="111" count="0" type="stmt"/>
        <line num="112" count="0" type="stmt"/>
        <line num="113" count="0" type="stmt"/>
        <line num="116" count="0" type="stmt"/>
        <line num="117" count="0" type="stmt"/>
        <line num="118" count="0" type="stmt"/>
        <line num="119" count="0" type="stmt"/>
        <line num="120" count="0" type="stmt"/>
        <line num="121" count="0" type="stmt"/>
        <line num="123" count="0" type="stmt"/>
        <line num="124" count="0" type="stmt"/>
        <line num="125" count="0" type="stmt"/>
        <line num="126" count="0" type="stmt"/>
        <line num="128" count="0" type="stmt"/>
        <line num="129" count="0" type="stmt"/>
        <line num="130" count="0" type="stmt"/>
        <line num="134" count="11" type="cond" truecount="1" falsecount="1"/>
        <line num="135" count="11" type="stmt"/>
        <line num="136" count="11" type="cond" truecount="1" falsecount="1"/>
        <line num="138" count="0" type="stmt"/>
        <line num="139" count="0" type="stmt"/>
        <line num="140" count="0" type="stmt"/>
        <line num="141" count="0" type="stmt"/>
        <line num="143" count="0" type="cond" truecount="0" falsecount="2"/>
        <line num="144" count="0" type="stmt"/>
        <line num="146" count="0" type="stmt"/>
        <line num="147" count="0" type="stmt"/>
        <line num="148" count="0" type="cond" truecount="0" falsecount="2"/>
        <line num="150" count="0" type="stmt"/>
        <line num="151" count="0" type="stmt"/>
        <line num="152" count="0" type="stmt"/>
        <line num="154" count="0" type="stmt"/>
        <line num="155" count="0" type="stmt"/>
        <line num="156" count="0" type="stmt"/>
      </file>
      <file name="use-debounced-value.ts" path="/home/lacerda/Documentos/GitHub/react-frontend-challenge/src/shared/lib/use-debounced-value.ts">
        <metrics statements="5" coveredstatements="5" conditionals="1" coveredconditionals="1" methods="4" coveredmethods="4"/>
        <line num="4" count="289" type="stmt"/>
        <line num="6" count="289" type="stmt"/>
        <line num="7" count="89" type="stmt"/>
        <line num="8" count="89" type="stmt"/>
        <line num="11" count="289" type="stmt"/>
      </file>
      <file name="use-document-title.ts" path="/home/lacerda/Documentos/GitHub/react-frontend-challenge/src/shared/lib/use-document-title.ts">
        <metrics statements="5" coveredstatements="5" conditionals="2" coveredconditionals="2" methods="3" coveredmethods="3"/>
        <line num="3" count="1" type="stmt"/>
        <line num="6" count="19" type="stmt"/>
        <line num="7" count="18" type="cond" truecount="2" falsecount="0"/>
        <line num="8" count="18" type="stmt"/>
        <line num="9" count="18" type="stmt"/>
      </file>
      <file name="use-grid-columns.ts" path="/home/lacerda/Documentos/GitHub/react-frontend-challenge/src/shared/lib/use-grid-columns.ts">
        <metrics statements="12" coveredstatements="12" conditionals="4" coveredconditionals="3" methods="4" coveredmethods="3"/>
        <line num="4" count="6" type="stmt"/>
        <line num="5" count="6" type="cond" truecount="1" falsecount="1"/>
        <line num="9" count="29" type="stmt"/>
        <line num="10" count="29" type="stmt"/>
        <line num="12" count="29" type="stmt"/>
        <line num="13" count="12" type="stmt"/>
        <line num="14" count="12" type="stmt"/>
        <line num="15" count="12" type="cond" truecount="2" falsecount="0"/>
        <line num="17" count="6" type="stmt"/>
        <line num="18" count="6" type="stmt"/>
        <line num="19" count="6" type="stmt"/>
        <line num="22" count="29" type="stmt"/>
      </file>
      <file name="use-in-view.ts" path="/home/lacerda/Documentos/GitHub/react-frontend-challenge/src/shared/lib/use-in-view.ts">
        <metrics statements="10" coveredstatements="10" conditionals="3" coveredconditionals="2" methods="5" coveredmethods="5"/>
        <line num="4" count="36" type="stmt"/>
        <line num="5" count="36" type="stmt"/>
        <line num="7" count="36" type="stmt"/>
        <line num="8" count="13" type="stmt"/>
        <line num="9" count="13" type="cond" truecount="1" falsecount="1"/>
        <line num="11" count="13" type="stmt"/>
        <line num="12" count="2" type="stmt"/>
        <line num="16" count="13" type="stmt"/>
        <line num="17" count="13" type="stmt"/>
        <line num="20" count="36" type="stmt"/>
      </file>
      <file name="utils.ts" path="/home/lacerda/Documentos/GitHub/react-frontend-challenge/src/shared/lib/utils.ts">
        <metrics statements="0" coveredstatements="0" conditionals="0" coveredconditionals="0" methods="0" coveredmethods="0"/>
      </file>
    </package>
  </project>
</coverage>
