{"/home/lacerda/Documentos/GitHub/react-frontend-challenge/src/main.tsx": {"path":"/home/lacerda/Documentos/GitHub/react-frontend-challenge/src/main.tsx","statementMap":{"0":{"start":{"line":6,"column":0},"end":{"line":10,"column":null}}},"fnMap":{},"branchMap":{},"s":{"0":0},"f":{},"b":{},"meta":{"lastBranch":0,"lastFunction":0,"lastStatement":1,"seen":{"s:6:0:10:Infinity":0},"fnNames":{}}}
,"/home/lacerda/Documentos/GitHub/react-frontend-challenge/src/vite-env.d.ts": {"path":"/home/lacerda/Documentos/GitHub/react-frontend-challenge/src/vite-env.d.ts","statementMap":{},"fnMap":{},"branchMap":{},"s":{},"f":{},"b":{},"meta":{"lastBranch":0,"lastFunction":0,"lastStatement":0,"seen":{},"fnNames":{}}}
,"/home/lacerda/Documentos/GitHub/react-frontend-challenge/src/app/router.tsx": {"path":"/home/lacerda/Documentos/GitHub/react-frontend-challenge/src/app/router.tsx","statementMap":{"0":{"start":{"line":15,"column":17},"end":{"line":15,"column":null}},"1":{"start":{"line":15,"column":28},"end":{"line":15,"column":null}},"2":{"start":{"line":15,"column":76},"end":{"line":15,"column":null}},"3":{"start":{"line":16,"column":18},"end":{"line":16,"column":null}},"4":{"start":{"line":16,"column":29},"end":{"line":16,"column":null}},"5":{"start":{"line":16,"column":79},"end":{"line":16,"column":null}},"6":{"start":{"line":17,"column":18},"end":{"line":17,"column":null}},"7":{"start":{"line":17,"column":29},"end":{"line":17,"column":null}},"8":{"start":{"line":17,"column":79},"end":{"line":17,"column":null}},"9":{"start":{"line":18,"column":21},"end":{"line":18,"column":null}},"10":{"start":{"line":18,"column":32},"end":{"line":18,"column":null}},"11":{"start":{"line":18,"column":88},"end":{"line":18,"column":null}},"12":{"start":{"line":19,"column":22},"end":{"line":19,"column":null}},"13":{"start":{"line":19,"column":33},"end":{"line":19,"column":null}},"14":{"start":{"line":19,"column":91},"end":{"line":19,"column":null}},"15":{"start":{"line":25,"column":18},"end":{"line":29,"column":null}},"16":{"start":{"line":31,"column":19},"end":{"line":42,"column":null}},"17":{"start":{"line":32,"column":24},"end":{"line":32,"column":null}},"18":{"start":{"line":35,"column":4},"end":{"line":35,"column":null}},"19":{"start":{"line":37,"column":4},"end":{"line":39,"column":null}},"20":{"start":{"line":38,"column":6},"end":{"line":38,"column":null}},"21":{"start":{"line":44,"column":27},"end":{"line":53,"column":null}},"22":{"start":{"line":45,"column":24},"end":{"line":45,"column":null}},"23":{"start":{"line":48,"column":4},"end":{"line":50,"column":null}},"24":{"start":{"line":49,"column":6},"end":{"line":49,"column":null}},"25":{"start":{"line":55,"column":18},"end":{"line":59,"column":null}},"26":{"start":{"line":56,"column":24},"end":{"line":56,"column":null}},"27":{"start":{"line":61,"column":23},"end":{"line":65,"column":null}},"28":{"start":{"line":62,"column":24},"end":{"line":62,"column":null}},"29":{"start":{"line":67,"column":22},"end":{"line":71,"column":null}},"30":{"start":{"line":68,"column":24},"end":{"line":68,"column":null}},"31":{"start":{"line":73,"column":19},"end":{"line":85,"column":null}},"32":{"start":{"line":74,"column":24},"end":{"line":74,"column":null}},"33":{"start":{"line":77,"column":21},"end":{"line":77,"column":null}},"34":{"start":{"line":78,"column":28},"end":{"line":78,"column":null}},"35":{"start":{"line":81,"column":21},"end":{"line":81,"column":null}},"36":{"start":{"line":82,"column":4},"end":{"line":82,"column":null}},"37":{"start":{"line":87,"column":18},"end":{"line":90,"column":null}},"38":{"start":{"line":92,"column":22},"end":{"line":99,"column":null}}},"fnMap":{"0":{"name":"(anonymous_0)","decl":{"start":{"line":15,"column":17},"end":{"line":15,"column":28}},"loc":{"start":{"line":15,"column":28},"end":{"line":15,"column":null}},"line":15},"1":{"name":"(anonymous_1)","decl":{"start":{"line":15,"column":67},"end":{"line":15,"column":74}},"loc":{"start":{"line":15,"column":76},"end":{"line":15,"column":null}},"line":15},"2":{"name":"(anonymous_2)","decl":{"start":{"line":16,"column":18},"end":{"line":16,"column":29}},"loc":{"start":{"line":16,"column":29},"end":{"line":16,"column":null}},"line":16},"3":{"name":"(anonymous_3)","decl":{"start":{"line":16,"column":70},"end":{"line":16,"column":77}},"loc":{"start":{"line":16,"column":79},"end":{"line":16,"column":null}},"line":16},"4":{"name":"(anonymous_4)","decl":{"start":{"line":17,"column":18},"end":{"line":17,"column":29}},"loc":{"start":{"line":17,"column":29},"end":{"line":17,"column":null}},"line":17},"5":{"name":"(anonymous_5)","decl":{"start":{"line":17,"column":70},"end":{"line":17,"column":77}},"loc":{"start":{"line":17,"column":79},"end":{"line":17,"column":null}},"line":17},"6":{"name":"(anonymous_6)","decl":{"start":{"line":18,"column":21},"end":{"line":18,"column":32}},"loc":{"start":{"line":18,"column":32},"end":{"line":18,"column":null}},"line":18},"7":{"name":"(anonymous_7)","decl":{"start":{"line":18,"column":79},"end":{"line":18,"column":86}},"loc":{"start":{"line":18,"column":88},"end":{"line":18,"column":null}},"line":18},"8":{"name":"(anonymous_8)","decl":{"start":{"line":19,"column":22},"end":{"line":19,"column":33}},"loc":{"start":{"line":19,"column":33},"end":{"line":19,"column":null}},"line":19},"9":{"name":"(anonymous_9)","decl":{"start":{"line":19,"column":82},"end":{"line":19,"column":89}},"loc":{"start":{"line":19,"column":91},"end":{"line":19,"column":null}},"line":19},"10":{"name":"(anonymous_10)","decl":{"start":{"line":32,"column":2},"end":{"line":32,"column":24}},"loc":{"start":{"line":32,"column":24},"end":{"line":32,"column":null}},"line":32},"11":{"name":"(anonymous_11)","decl":{"start":{"line":34,"column":2},"end":{"line":34,"column":19}},"loc":{"start":{"line":35,"column":4},"end":{"line":35,"column":null}},"line":35},"12":{"name":"(anonymous_12)","decl":{"start":{"line":36,"column":2},"end":{"line":36,"column":15}},"loc":{"start":{"line":36,"column":30},"end":{"line":40,"column":null}},"line":36},"13":{"name":"(anonymous_13)","decl":{"start":{"line":45,"column":2},"end":{"line":45,"column":24}},"loc":{"start":{"line":45,"column":24},"end":{"line":45,"column":null}},"line":45},"14":{"name":"(anonymous_14)","decl":{"start":{"line":47,"column":2},"end":{"line":47,"column":15}},"loc":{"start":{"line":47,"column":32},"end":{"line":51,"column":null}},"line":47},"15":{"name":"(anonymous_15)","decl":{"start":{"line":56,"column":2},"end":{"line":56,"column":24}},"loc":{"start":{"line":56,"column":24},"end":{"line":56,"column":null}},"line":56},"16":{"name":"(anonymous_16)","decl":{"start":{"line":62,"column":2},"end":{"line":62,"column":24}},"loc":{"start":{"line":62,"column":24},"end":{"line":62,"column":null}},"line":62},"17":{"name":"(anonymous_17)","decl":{"start":{"line":68,"column":2},"end":{"line":68,"column":24}},"loc":{"start":{"line":68,"column":24},"end":{"line":68,"column":null}},"line":68},"18":{"name":"(anonymous_18)","decl":{"start":{"line":74,"column":2},"end":{"line":74,"column":24}},"loc":{"start":{"line":74,"column":24},"end":{"line":74,"column":null}},"line":74},"19":{"name":"(anonymous_19)","decl":{"start":{"line":77,"column":4},"end":{"line":77,"column":12}},"loc":{"start":{"line":77,"column":21},"end":{"line":77,"column":null}},"line":77},"20":{"name":"(anonymous_20)","decl":{"start":{"line":78,"column":4},"end":{"line":78,"column":16}},"loc":{"start":{"line":78,"column":28},"end":{"line":78,"column":null}},"line":78},"21":{"name":"(anonymous_21)","decl":{"start":{"line":80,"column":2},"end":{"line":80,"column":11}},"loc":{"start":{"line":80,"column":35},"end":{"line":83,"column":null}},"line":80}},"branchMap":{"0":{"loc":{"start":{"line":35,"column":4},"end":{"line":35,"column":null}},"type":"cond-expr","locations":[{"start":{"line":35,"column":42},"end":{"line":35,"column":74}},{"start":{"line":35,"column":74},"end":{"line":35,"column":null}}],"line":35},"1":{"loc":{"start":{"line":37,"column":4},"end":{"line":39,"column":null}},"type":"if","locations":[{"start":{"line":37,"column":4},"end":{"line":39,"column":null}},{"start":{},"end":{}}],"line":37},"2":{"loc":{"start":{"line":38,"column":27},"end":{"line":38,"column":50}},"type":"binary-expr","locations":[{"start":{"line":38,"column":27},"end":{"line":38,"column":46}},{"start":{"line":38,"column":46},"end":{"line":38,"column":50}}],"line":38},"3":{"loc":{"start":{"line":48,"column":4},"end":{"line":50,"column":null}},"type":"if","locations":[{"start":{"line":48,"column":4},"end":{"line":50,"column":null}},{"start":{},"end":{}}],"line":48}},"s":{"0":0,"1":0,"2":0,"3":0,"4":0,"5":0,"6":0,"7":0,"8":0,"9":0,"10":0,"11":0,"12":0,"13":0,"14":0,"15":0,"16":0,"17":0,"18":0,"19":0,"20":0,"21":0,"22":0,"23":0,"24":0,"25":0,"26":0,"27":0,"28":0,"29":0,"30":0,"31":0,"32":0,"33":0,"34":0,"35":0,"36":0,"37":0,"38":0},"f":{"0":0,"1":0,"2":0,"3":0,"4":0,"5":0,"6":0,"7":0,"8":0,"9":0,"10":0,"11":0,"12":0,"13":0,"14":0,"15":0,"16":0,"17":0,"18":0,"19":0,"20":0,"21":0},"b":{"0":[0,0],"1":[0,0],"2":[0,0],"3":[0,0]},"meta":{"lastBranch":4,"lastFunction":22,"lastStatement":39,"seen":{"s:15:17:15:Infinity":0,"f:15:17:15:28":0,"s:15:28:15:Infinity":1,"f:15:67:15:74":1,"s:15:76:15:Infinity":2,"s:16:18:16:Infinity":3,"f:16:18:16:29":2,"s:16:29:16:Infinity":4,"f:16:70:16:77":3,"s:16:79:16:Infinity":5,"s:17:18:17:Infinity":6,"f:17:18:17:29":4,"s:17:29:17:Infinity":7,"f:17:70:17:77":5,"s:17:79:17:Infinity":8,"s:18:21:18:Infinity":9,"f:18:21:18:32":6,"s:18:32:18:Infinity":10,"f:18:79:18:86":7,"s:18:88:18:Infinity":11,"s:19:22:19:Infinity":12,"f:19:22:19:33":8,"s:19:33:19:Infinity":13,"f:19:82:19:89":9,"s:19:91:19:Infinity":14,"s:25:18:29:Infinity":15,"s:31:19:42:Infinity":16,"f:32:2:32:24":10,"s:32:24:32:Infinity":17,"f:34:2:34:19":11,"s:35:4:35:Infinity":18,"b:35:42:35:74:35:74:35:Infinity":0,"f:36:2:36:15":12,"b:37:4:39:Infinity:undefined:undefined:undefined:undefined":1,"s:37:4:39:Infinity":19,"s:38:6:38:Infinity":20,"b:38:27:38:46:38:46:38:50":2,"s:44:27:53:Infinity":21,"f:45:2:45:24":13,"s:45:24:45:Infinity":22,"f:47:2:47:15":14,"b:48:4:50:Infinity:undefined:undefined:undefined:undefined":3,"s:48:4:50:Infinity":23,"s:49:6:49:Infinity":24,"s:55:18:59:Infinity":25,"f:56:2:56:24":15,"s:56:24:56:Infinity":26,"s:61:23:65:Infinity":27,"f:62:2:62:24":16,"s:62:24:62:Infinity":28,"s:67:22:71:Infinity":29,"f:68:2:68:24":17,"s:68:24:68:Infinity":30,"s:73:19:85:Infinity":31,"f:74:2:74:24":18,"s:74:24:74:Infinity":32,"f:77:4:77:12":19,"s:77:21:77:Infinity":33,"f:78:4:78:16":20,"s:78:28:78:Infinity":34,"f:80:2:80:11":21,"s:81:21:81:Infinity":35,"s:82:4:82:Infinity":36,"s:87:18:90:Infinity":37,"s:92:22:99:Infinity":38},"fnNames":{}}}
,"/home/lacerda/Documentos/GitHub/react-frontend-challenge/src/app/layouts/root-layout.tsx": {"path":"/home/lacerda/Documentos/GitHub/react-frontend-challenge/src/app/layouts/root-layout.tsx","statementMap":{"0":{"start":{"line":11,"column":16},"end":{"line":11,"column":null}},"1":{"start":{"line":11,"column":27},"end":{"line":11,"column":null}},"2":{"start":{"line":11,"column":71},"end":{"line":11,"column":null}},"3":{"start":{"line":14,"column":16},"end":{"line":14,"column":31}},"4":{"start":{"line":15,"column":16},"end":{"line":15,"column":null}},"5":{"start":{"line":15,"column":41},"end":{"line":15,"column":52}},"6":{"start":{"line":16,"column":21},"end":{"line":16,"column":null}},"7":{"start":{"line":16,"column":45},"end":{"line":16,"column":65}},"8":{"start":{"line":19,"column":42},"end":{"line":19,"column":null}},"9":{"start":{"line":20,"column":2},"end":{"line":23,"column":null}},"10":{"start":{"line":21,"column":15},"end":{"line":21,"column":null}},"11":{"start":{"line":21,"column":43},"end":{"line":21,"column":64}},"12":{"start":{"line":21,"column":86},"end":{"line":21,"column":109}},"13":{"start":{"line":22,"column":4},"end":{"line":22,"column":null}},"14":{"start":{"line":22,"column":17},"end":{"line":22,"column":null}},"15":{"start":{"line":25,"column":19},"end":{"line":28,"column":null}},"16":{"start":{"line":30,"column":2},"end":{"line":94,"column":null}},"17":{"start":{"line":48,"column":18},"end":{"line":54,"column":null}},"18":{"start":{"line":77,"column":12},"end":{"line":83,"column":null}}},"fnMap":{"0":{"name":"(anonymous_0)","decl":{"start":{"line":11,"column":16},"end":{"line":11,"column":27}},"loc":{"start":{"line":11,"column":27},"end":{"line":11,"column":null}},"line":11},"1":{"name":"(anonymous_1)","decl":{"start":{"line":11,"column":62},"end":{"line":11,"column":69}},"loc":{"start":{"line":11,"column":71},"end":{"line":11,"column":null}},"line":11},"2":{"name":"RootLayout","decl":{"start":{"line":13,"column":16},"end":{"line":13,"column":29}},"loc":{"start":{"line":13,"column":29},"end":{"line":96,"column":null}},"line":13},"3":{"name":"(anonymous_3)","decl":{"start":{"line":15,"column":16},"end":{"line":15,"column":31}},"loc":{"start":{"line":15,"column":41},"end":{"line":15,"column":52}},"line":15},"4":{"name":"(anonymous_4)","decl":{"start":{"line":16,"column":21},"end":{"line":16,"column":35}},"loc":{"start":{"line":16,"column":45},"end":{"line":16,"column":65}},"line":16},"5":{"name":"(anonymous_5)","decl":{"start":{"line":20,"column":2},"end":{"line":20,"column":18}},"loc":{"start":{"line":20,"column":18},"end":{"line":23,"column":5}},"line":20},"6":{"name":"(anonymous_6)","decl":{"start":{"line":21,"column":15},"end":{"line":21,"column":43}},"loc":{"start":{"line":21,"column":43},"end":{"line":21,"column":64}},"line":21},"7":{"name":"(anonymous_7)","decl":{"start":{"line":21,"column":69},"end":{"line":21,"column":86}},"loc":{"start":{"line":21,"column":86},"end":{"line":21,"column":109}},"line":21},"8":{"name":"(anonymous_8)","decl":{"start":{"line":22,"column":4},"end":{"line":22,"column":17}},"loc":{"start":{"line":22,"column":17},"end":{"line":22,"column":null}},"line":22},"9":{"name":"(anonymous_9)","decl":{"start":{"line":47,"column":25},"end":{"line":47,"column":30}},"loc":{"start":{"line":48,"column":18},"end":{"line":54,"column":null}},"line":48},"10":{"name":"(anonymous_10)","decl":{"start":{"line":76,"column":20},"end":{"line":76,"column":25}},"loc":{"start":{"line":77,"column":12},"end":{"line":83,"column":null}},"line":77}},"branchMap":{"0":{"loc":{"start":{"line":21,"column":15},"end":{"line":21,"column":null}},"type":"binary-expr","locations":[{"start":{"line":21,"column":15},"end":{"line":21,"column":69}},{"start":{"line":21,"column":69},"end":{"line":21,"column":null}}],"line":21},"1":{"loc":{"start":{"line":46,"column":13},"end":{"line":56,"column":null}},"type":"cond-expr","locations":[{"start":{"line":47,"column":16},"end":{"line":55,"column":null}},{"start":{"line":56,"column":16},"end":{"line":56,"column":null}}],"line":46},"2":{"loc":{"start":{"line":62,"column":13},"end":{"line":62,"column":null}},"type":"cond-expr","locations":[{"start":{"line":62,"column":26},"end":{"line":62,"column":null}},{"start":{"line":62,"column":41},"end":{"line":62,"column":null}}],"line":62},"3":{"loc":{"start":{"line":71,"column":7},"end":{"line":86,"column":null}},"type":"cond-expr","locations":[{"start":{"line":72,"column":8},"end":{"line":86,"column":null}},{"start":{"line":86,"column":10},"end":{"line":86,"column":null}}],"line":71},"4":{"loc":{"start":{"line":89,"column":7},"end":{"line":93,"column":null}},"type":"cond-expr","locations":[{"start":{"line":90,"column":8},"end":{"line":93,"column":null}},{"start":{"line":93,"column":10},"end":{"line":93,"column":null}}],"line":89}},"s":{"0":0,"1":0,"2":0,"3":0,"4":0,"5":0,"6":0,"7":0,"8":0,"9":0,"10":0,"11":0,"12":0,"13":0,"14":0,"15":0,"16":0,"17":0,"18":0},"f":{"0":0,"1":0,"2":0,"3":0,"4":0,"5":0,"6":0,"7":0,"8":0,"9":0,"10":0},"b":{"0":[0,0],"1":[0,0],"2":[0,0],"3":[0,0],"4":[0,0]},"meta":{"lastBranch":5,"lastFunction":11,"lastStatement":19,"seen":{"s:11:16:11:Infinity":0,"f:11:16:11:27":0,"s:11:27:11:Infinity":1,"f:11:62:11:69":1,"s:11:71:11:Infinity":2,"f:13:16:13:29":2,"s:14:16:14:31":3,"s:15:16:15:Infinity":4,"f:15:16:15:31":3,"s:15:41:15:52":5,"s:16:21:16:Infinity":6,"f:16:21:16:35":4,"s:16:45:16:65":7,"s:19:42:19:Infinity":8,"s:20:2:23:Infinity":9,"f:20:2:20:18":5,"s:21:15:21:Infinity":10,"b:21:15:21:69:21:69:21:Infinity":0,"f:21:15:21:43":6,"s:21:43:21:64":11,"f:21:69:21:86":7,"s:21:86:21:109":12,"s:22:4:22:Infinity":13,"f:22:4:22:17":8,"s:22:17:22:Infinity":14,"s:25:19:28:Infinity":15,"s:30:2:94:Infinity":16,"b:47:16:55:Infinity:56:16:56:Infinity":1,"f:47:25:47:30":9,"s:48:18:54:Infinity":17,"b:62:26:62:Infinity:62:41:62:Infinity":2,"b:72:8:86:Infinity:86:10:86:Infinity":3,"f:76:20:76:25":10,"s:77:12:83:Infinity":18,"b:90:8:93:Infinity:93:10:93:Infinity":4},"fnNames":{}}}
,"/home/lacerda/Documentos/GitHub/react-frontend-challenge/src/app/layouts/route-pending.tsx": {"path":"/home/lacerda/Documentos/GitHub/react-frontend-challenge/src/app/layouts/route-pending.tsx","statementMap":{"0":{"start":{"line":4,"column":2},"end":{"line":13,"column":null}},"1":{"start":{"line":10,"column":10},"end":{"line":10,"column":null}}},"fnMap":{"0":{"name":"RoutePending","decl":{"start":{"line":3,"column":16},"end":{"line":3,"column":31}},"loc":{"start":{"line":3,"column":31},"end":{"line":15,"column":null}},"line":3},"1":{"name":"(anonymous_1)","decl":{"start":{"line":9,"column":32},"end":{"line":9,"column":36}},"loc":{"start":{"line":10,"column":10},"end":{"line":10,"column":null}},"line":10}},"branchMap":{},"s":{"0":0,"1":0},"f":{"0":0,"1":0},"b":{},"meta":{"lastBranch":0,"lastFunction":2,"lastStatement":2,"seen":{"f:3:16:3:31":0,"s:4:2:13:Infinity":0,"f:9:32:9:36":1,"s:10:10:10:Infinity":1},"fnNames":{}}}
,"/home/lacerda/Documentos/GitHub/react-frontend-challenge/src/app/providers/query-client.ts": {"path":"/home/lacerda/Documentos/GitHub/react-frontend-challenge/src/app/providers/query-client.ts","statementMap":{"0":{"start":{"line":3,"column":27},"end":{"line":15,"column":null}},"1":{"start":{"line":9,"column":8},"end":{"line":9,"column":null}},"2":{"start":{"line":9,"column":81},"end":{"line":9,"column":null}},"3":{"start":{"line":10,"column":8},"end":{"line":10,"column":null}}},"fnMap":{"0":{"name":"(anonymous_0)","decl":{"start":{"line":8,"column":6},"end":{"line":8,"column":14}},"loc":{"start":{"line":8,"column":38},"end":{"line":11,"column":null}},"line":8}},"branchMap":{"0":{"loc":{"start":{"line":9,"column":8},"end":{"line":9,"column":null}},"type":"if","locations":[{"start":{"line":9,"column":8},"end":{"line":9,"column":null}},{"start":{},"end":{}}],"line":9},"1":{"loc":{"start":{"line":9,"column":12},"end":{"line":9,"column":81}},"type":"binary-expr","locations":[{"start":{"line":9,"column":12},"end":{"line":9,"column":38}},{"start":{"line":9,"column":38},"end":{"line":9,"column":59}},{"start":{"line":9,"column":59},"end":{"line":9,"column":81}}],"line":9}},"s":{"0":0,"1":0,"2":0,"3":0},"f":{"0":0},"b":{"0":[0,0],"1":[0,0,0]},"meta":{"lastBranch":2,"lastFunction":1,"lastStatement":4,"seen":{"s:3:27:15:Infinity":0,"f:8:6:8:14":0,"b:9:8:9:Infinity:undefined:undefined:undefined:undefined":0,"s:9:8:9:Infinity":1,"b:9:12:9:38:9:38:9:59:9:59:9:81":1,"s:9:81:9:Infinity":2,"s:10:8:10:Infinity":3},"fnNames":{}}}
,"/home/lacerda/Documentos/GitHub/react-frontend-challenge/src/app/providers/query-provider.tsx": {"path":"/home/lacerda/Documentos/GitHub/react-frontend-challenge/src/app/providers/query-provider.tsx","statementMap":{"0":{"start":{"line":6,"column":2},"end":{"line":6,"column":null}}},"fnMap":{"0":{"name":"QueryProvider","decl":{"start":{"line":5,"column":16},"end":{"line":5,"column":30}},"loc":{"start":{"line":5,"column":69},"end":{"line":7,"column":null}},"line":5}},"branchMap":{},"s":{"0":0},"f":{"0":0},"b":{},"meta":{"lastBranch":0,"lastFunction":1,"lastStatement":1,"seen":{"f:5:16:5:30":0,"s:6:2:6:Infinity":0},"fnNames":{}}}
,"/home/lacerda/Documentos/GitHub/react-frontend-challenge/src/entities/movie/api/dto.ts": {"path":"/home/lacerda/Documentos/GitHub/react-frontend-challenge/src/entities/movie/api/dto.ts","statementMap":{},"fnMap":{},"branchMap":{},"s":{},"f":{},"b":{},"meta":{"lastBranch":0,"lastFunction":0,"lastStatement":0,"seen":{},"fnNames":{}}}
,"/home/lacerda/Documentos/GitHub/react-frontend-challenge/src/entities/movie/api/mappers.ts": {"path":"/home/lacerda/Documentos/GitHub/react-frontend-challenge/src/entities/movie/api/mappers.ts","statementMap":{"0":{"start":{"line":5,"column":2},"end":{"line":16,"column":null}},"1":{"start":{"line":20,"column":2},"end":{"line":25,"column":null}},"2":{"start":{"line":29,"column":2},"end":{"line":29,"column":null}},"3":{"start":{"line":29,"column":34},"end":{"line":29,"column":99}},"4":{"start":{"line":33,"column":18},"end":{"line":33,"column":null}},"5":{"start":{"line":33,"column":43},"end":{"line":33,"column":67}},"6":{"start":{"line":35,"column":4},"end":{"line":37,"column":null}},"7":{"start":{"line":37,"column":28},"end":{"line":37,"column":51}},"8":{"start":{"line":39,"column":2},"end":{"line":39,"column":null}},"9":{"start":{"line":43,"column":65},"end":{"line":43,"column":null}},"10":{"start":{"line":45,"column":2},"end":{"line":52,"column":null}},"11":{"start":{"line":59,"column":2},"end":{"line":64,"column":null}}},"fnMap":{"0":{"name":"toMovie","decl":{"start":{"line":4,"column":16},"end":{"line":4,"column":24}},"loc":{"start":{"line":4,"column":46},"end":{"line":17,"column":null}},"line":4},"1":{"name":"toCastMember","decl":{"start":{"line":19,"column":9},"end":{"line":19,"column":22}},"loc":{"start":{"line":19,"column":54},"end":{"line":26,"column":null}},"line":19},"2":{"name":"sortByPhoto","decl":{"start":{"line":28,"column":9},"end":{"line":28,"column":21}},"loc":{"start":{"line":28,"column":61},"end":{"line":30,"column":null}},"line":28},"3":{"name":"(anonymous_3)","decl":{"start":{"line":29,"column":19},"end":{"line":29,"column":25}},"loc":{"start":{"line":29,"column":34},"end":{"line":29,"column":99}},"line":29},"4":{"name":"pickTrailerKey","decl":{"start":{"line":32,"column":16},"end":{"line":32,"column":31}},"loc":{"start":{"line":32,"column":66},"end":{"line":40,"column":null}},"line":32},"5":{"name":"(anonymous_5)","decl":{"start":{"line":33,"column":25},"end":{"line":33,"column":33}},"loc":{"start":{"line":33,"column":43},"end":{"line":33,"column":67}},"line":33},"6":{"name":"(anonymous_6)","decl":{"start":{"line":37,"column":12},"end":{"line":37,"column":18}},"loc":{"start":{"line":37,"column":28},"end":{"line":37,"column":51}},"line":37},"7":{"name":"toMovieDetails","decl":{"start":{"line":42,"column":16},"end":{"line":42,"column":31}},"loc":{"start":{"line":42,"column":67},"end":{"line":53,"column":null}},"line":42},"8":{"name":"toPaginated","decl":{"start":{"line":55,"column":16},"end":{"line":55,"column":null}},"loc":{"start":{"line":58,"column":21},"end":{"line":65,"column":null}},"line":58}},"branchMap":{"0":{"loc":{"start":{"line":11,"column":17},"end":{"line":11,"column":null}},"type":"binary-expr","locations":[{"start":{"line":11,"column":17},"end":{"line":11,"column":37}},{"start":{"line":11,"column":37},"end":{"line":11,"column":null}}],"line":11},"1":{"loc":{"start":{"line":14,"column":14},"end":{"line":14,"column":null}},"type":"binary-expr","locations":[{"start":{"line":14,"column":14},"end":{"line":14,"column":31}},{"start":{"line":14,"column":31},"end":{"line":14,"column":null}}],"line":14},"2":{"loc":{"start":{"line":15,"column":22},"end":{"line":15,"column":null}},"type":"binary-expr","locations":[{"start":{"line":15,"column":22},"end":{"line":15,"column":47}},{"start":{"line":15,"column":47},"end":{"line":15,"column":null}}],"line":15},"3":{"loc":{"start":{"line":35,"column":4},"end":{"line":37,"column":null}},"type":"binary-expr","locations":[{"start":{"line":35,"column":4},"end":{"line":35,"column":null}},{"start":{"line":36,"column":4},"end":{"line":36,"column":null}},{"start":{"line":37,"column":4},"end":{"line":37,"column":null}}],"line":35},"4":{"loc":{"start":{"line":39,"column":9},"end":{"line":39,"column":null}},"type":"binary-expr","locations":[{"start":{"line":39,"column":9},"end":{"line":39,"column":25}},{"start":{"line":39,"column":25},"end":{"line":39,"column":null}}],"line":39}},"s":{"0":34,"1":15,"2":13,"3":30,"4":18,"5":7,"6":18,"7":1,"8":18,"9":13,"10":13,"11":18},"f":{"0":34,"1":15,"2":13,"3":30,"4":18,"5":7,"6":1,"7":13,"8":18},"b":{"0":[34,2],"1":[34,14],"2":[34,1],"3":[18,15,14],"4":[18,13]},"meta":{"lastBranch":5,"lastFunction":9,"lastStatement":12,"seen":{"f:4:16:4:24":0,"s:5:2:16:Infinity":0,"b:11:17:11:37:11:37:11:Infinity":0,"b:14:14:14:31:14:31:14:Infinity":1,"b:15:22:15:47:15:47:15:Infinity":2,"f:19:9:19:22":1,"s:20:2:25:Infinity":1,"f:28:9:28:21":2,"s:29:2:29:Infinity":2,"f:29:19:29:25":3,"s:29:34:29:99":3,"f:32:16:32:31":4,"s:33:18:33:Infinity":4,"f:33:25:33:33":5,"s:33:43:33:67":5,"s:35:4:37:Infinity":6,"b:35:4:35:Infinity:36:4:36:Infinity:37:4:37:Infinity":3,"f:37:12:37:18":6,"s:37:28:37:51":7,"s:39:2:39:Infinity":8,"b:39:9:39:25:39:25:39:Infinity":4,"f:42:16:42:31":7,"s:43:65:43:Infinity":9,"s:45:2:52:Infinity":10,"f:55:16:55:Infinity":8,"s:59:2:64:Infinity":11},"fnNames":{}}}
,"/home/lacerda/Documentos/GitHub/react-frontend-challenge/src/entities/movie/api/movie-api.ts": {"path":"/home/lacerda/Documentos/GitHub/react-frontend-challenge/src/entities/movie/api/movie-api.ts","statementMap":{"0":{"start":{"line":12,"column":24},"end":{"line":75,"column":null}},"1":{"start":{"line":14,"column":16},"end":{"line":14,"column":null}},"2":{"start":{"line":15,"column":4},"end":{"line":15,"column":null}},"3":{"start":{"line":22,"column":16},"end":{"line":26,"column":null}},"4":{"start":{"line":27,"column":4},"end":{"line":27,"column":null}},"5":{"start":{"line":34,"column":16},"end":{"line":51,"column":null}},"6":{"start":{"line":52,"column":4},"end":{"line":52,"column":null}},"7":{"start":{"line":56,"column":16},"end":{"line":60,"column":null}},"8":{"start":{"line":61,"column":4},"end":{"line":61,"column":null}},"9":{"start":{"line":65,"column":16},"end":{"line":65,"column":null}},"10":{"start":{"line":66,"column":4},"end":{"line":66,"column":null}},"11":{"start":{"line":70,"column":16},"end":{"line":70,"column":null}},"12":{"start":{"line":71,"column":4},"end":{"line":73,"column":null}},"13":{"start":{"line":72,"column":24},"end":{"line":72,"column":47}},"14":{"start":{"line":73,"column":22},"end":{"line":73,"column":79}}},"fnMap":{"0":{"name":"trending","decl":{"start":{"line":13,"column":8},"end":{"line":13,"column":17}},"loc":{"start":{"line":13,"column":98},"end":{"line":16,"column":null}},"line":13},"1":{"name":"search","decl":{"start":{"line":18,"column":8},"end":{"line":18,"column":null}},"loc":{"start":{"line":21,"column":31},"end":{"line":28,"column":null}},"line":21},"2":{"name":"discover","decl":{"start":{"line":30,"column":8},"end":{"line":30,"column":null}},"loc":{"start":{"line":33,"column":31},"end":{"line":53,"column":null}},"line":33},"3":{"name":"details","decl":{"start":{"line":55,"column":8},"end":{"line":55,"column":16}},"loc":{"start":{"line":55,"column":113},"end":{"line":62,"column":null}},"line":55},"4":{"name":"genres","decl":{"start":{"line":64,"column":8},"end":{"line":64,"column":15}},"loc":{"start":{"line":64,"column":91},"end":{"line":67,"column":null}},"line":64},"5":{"name":"languages","decl":{"start":{"line":69,"column":8},"end":{"line":69,"column":18}},"loc":{"start":{"line":69,"column":61},"end":{"line":74,"column":null}},"line":69},"6":{"name":"(anonymous_6)","decl":{"start":{"line":72,"column":7},"end":{"line":72,"column":15}},"loc":{"start":{"line":72,"column":24},"end":{"line":72,"column":47}},"line":72},"7":{"name":"(anonymous_7)","decl":{"start":{"line":73,"column":7},"end":{"line":73,"column":12}},"loc":{"start":{"line":73,"column":22},"end":{"line":73,"column":79}},"line":73}},"branchMap":{"0":{"loc":{"start":{"line":39,"column":17},"end":{"line":39,"column":null}},"type":"binary-expr","locations":[{"start":{"line":39,"column":17},"end":{"line":39,"column":35}},{"start":{"line":39,"column":35},"end":{"line":39,"column":null}}],"line":39},"1":{"loc":{"start":{"line":45,"column":26},"end":{"line":45,"column":null}},"type":"binary-expr","locations":[{"start":{"line":45,"column":26},"end":{"line":45,"column":47}},{"start":{"line":45,"column":47},"end":{"line":45,"column":null}}],"line":45},"2":{"loc":{"start":{"line":45,"column":47},"end":{"line":45,"column":null}},"type":"cond-expr","locations":[{"start":{"line":45,"column":102},"end":{"line":45,"column":107}},{"start":{"line":45,"column":107},"end":{"line":45,"column":null}}],"line":45},"3":{"loc":{"start":{"line":45,"column":47},"end":{"line":45,"column":102}},"type":"binary-expr","locations":[{"start":{"line":45,"column":47},"end":{"line":45,"column":68}},{"start":{"line":45,"column":68},"end":{"line":45,"column":102}}],"line":45}},"s":{"0":5,"1":9,"2":8,"3":2,"4":2,"5":7,"6":7,"7":11,"8":10,"9":16,"10":15,"11":9,"12":8,"13":16,"14":8},"f":{"0":9,"1":2,"2":7,"3":11,"4":16,"5":9,"6":16,"7":8},"b":{"0":[7,6],"1":[7,6],"2":[2,4],"3":[6,4]},"meta":{"lastBranch":4,"lastFunction":8,"lastStatement":15,"seen":{"s:12:24:75:Infinity":0,"f:13:8:13:17":0,"s:14:16:14:Infinity":1,"s:15:4:15:Infinity":2,"f:18:8:18:Infinity":1,"s:22:16:26:Infinity":3,"s:27:4:27:Infinity":4,"f:30:8:30:Infinity":2,"s:34:16:51:Infinity":5,"b:39:17:39:35:39:35:39:Infinity":0,"b:45:26:45:47:45:47:45:Infinity":1,"b:45:102:45:107:45:107:45:Infinity":2,"b:45:47:45:68:45:68:45:102":3,"s:52:4:52:Infinity":6,"f:55:8:55:16":3,"s:56:16:60:Infinity":7,"s:61:4:61:Infinity":8,"f:64:8:64:15":4,"s:65:16:65:Infinity":9,"s:66:4:66:Infinity":10,"f:69:8:69:18":5,"s:70:16:70:Infinity":11,"s:71:4:73:Infinity":12,"f:72:7:72:15":6,"s:72:24:72:47":13,"f:73:7:73:12":7,"s:73:22:73:79":14},"fnNames":{}}}
,"/home/lacerda/Documentos/GitHub/react-frontend-challenge/src/entities/movie/api/queries.ts": {"path":"/home/lacerda/Documentos/GitHub/react-frontend-challenge/src/entities/movie/api/queries.ts","statementMap":{"0":{"start":{"line":8,"column":22},"end":{"line":8,"column":null}},"1":{"start":{"line":20,"column":16},"end":{"line":20,"column":null}},"2":{"start":{"line":22,"column":2},"end":{"line":27,"column":null}},"3":{"start":{"line":23,"column":4},"end":{"line":26,"column":null}},"4":{"start":{"line":23,"column":100},"end":{"line":26,"column":6}},"5":{"start":{"line":29,"column":2},"end":{"line":31,"column":null}},"6":{"start":{"line":30,"column":4},"end":{"line":30,"column":null}},"7":{"start":{"line":33,"column":2},"end":{"line":33,"column":null}},"8":{"start":{"line":37,"column":19},"end":{"line":37,"column":null}},"9":{"start":{"line":37,"column":45},"end":{"line":37,"column":57}},"10":{"start":{"line":39,"column":2},"end":{"line":46,"column":null}},"11":{"start":{"line":41,"column":40},"end":{"line":41,"column":null}},"12":{"start":{"line":44,"column":6},"end":{"line":44,"column":null}},"13":{"start":{"line":50,"column":19},"end":{"line":50,"column":null}},"14":{"start":{"line":50,"column":45},"end":{"line":50,"column":57}},"15":{"start":{"line":52,"column":2},"end":{"line":56,"column":null}},"16":{"start":{"line":54,"column":29},"end":{"line":54,"column":null}},"17":{"start":{"line":60,"column":2},"end":{"line":64,"column":null}},"18":{"start":{"line":62,"column":29},"end":{"line":62,"column":null}},"19":{"start":{"line":68,"column":2},"end":{"line":71,"column":null}},"20":{"start":{"line":70,"column":29},"end":{"line":70,"column":null}},"21":{"start":{"line":75,"column":19},"end":{"line":75,"column":null}},"22":{"start":{"line":75,"column":45},"end":{"line":75,"column":57}},"23":{"start":{"line":76,"column":2},"end":{"line":76,"column":null}}},"fnMap":{"0":{"name":"fetchMoviesPage","decl":{"start":{"line":14,"column":16},"end":{"line":14,"column":null}},"loc":{"start":{"line":19,"column":29},"end":{"line":34,"column":null}},"line":19},"1":{"name":"(anonymous_1)","decl":{"start":{"line":23,"column":82},"end":{"line":23,"column":88}},"loc":{"start":{"line":23,"column":100},"end":{"line":26,"column":6}},"line":23},"2":{"name":"useInfiniteMovies","decl":{"start":{"line":36,"column":16},"end":{"line":36,"column":34}},"loc":{"start":{"line":36,"column":57},"end":{"line":47,"column":null}},"line":36},"3":{"name":"(anonymous_3)","decl":{"start":{"line":37,"column":19},"end":{"line":37,"column":35}},"loc":{"start":{"line":37,"column":45},"end":{"line":37,"column":57}},"line":37},"4":{"name":"(anonymous_4)","decl":{"start":{"line":41,"column":4},"end":{"line":41,"column":14}},"loc":{"start":{"line":41,"column":40},"end":{"line":41,"column":null}},"line":41},"5":{"name":"(anonymous_5)","decl":{"start":{"line":43,"column":4},"end":{"line":43,"column":23}},"loc":{"start":{"line":44,"column":6},"end":{"line":44,"column":null}},"line":44},"6":{"name":"useGenres","decl":{"start":{"line":49,"column":16},"end":{"line":49,"column":28}},"loc":{"start":{"line":49,"column":28},"end":{"line":57,"column":null}},"line":49},"7":{"name":"(anonymous_7)","decl":{"start":{"line":50,"column":19},"end":{"line":50,"column":35}},"loc":{"start":{"line":50,"column":45},"end":{"line":50,"column":57}},"line":50},"8":{"name":"(anonymous_8)","decl":{"start":{"line":54,"column":4},"end":{"line":54,"column":14}},"loc":{"start":{"line":54,"column":29},"end":{"line":54,"column":null}},"line":54},"9":{"name":"useLanguages","decl":{"start":{"line":59,"column":16},"end":{"line":59,"column":31}},"loc":{"start":{"line":59,"column":31},"end":{"line":65,"column":null}},"line":59},"10":{"name":"(anonymous_10)","decl":{"start":{"line":62,"column":4},"end":{"line":62,"column":14}},"loc":{"start":{"line":62,"column":29},"end":{"line":62,"column":null}},"line":62},"11":{"name":"movieDetailsOptions","decl":{"start":{"line":67,"column":16},"end":{"line":67,"column":36}},"loc":{"start":{"line":67,"column":66},"end":{"line":72,"column":null}},"line":67},"12":{"name":"(anonymous_12)","decl":{"start":{"line":70,"column":4},"end":{"line":70,"column":14}},"loc":{"start":{"line":70,"column":29},"end":{"line":70,"column":null}},"line":70},"13":{"name":"useMovieDetails","decl":{"start":{"line":74,"column":16},"end":{"line":74,"column":32}},"loc":{"start":{"line":74,"column":44},"end":{"line":77,"column":null}},"line":74},"14":{"name":"(anonymous_14)","decl":{"start":{"line":75,"column":19},"end":{"line":75,"column":35}},"loc":{"start":{"line":75,"column":45},"end":{"line":75,"column":57}},"line":75}},"branchMap":{"0":{"loc":{"start":{"line":22,"column":2},"end":{"line":27,"column":null}},"type":"if","locations":[{"start":{"line":22,"column":2},"end":{"line":27,"column":null}},{"start":{},"end":{}}],"line":22},"1":{"loc":{"start":{"line":29,"column":2},"end":{"line":31,"column":null}},"type":"if","locations":[{"start":{"line":29,"column":2},"end":{"line":31,"column":null}},{"start":{},"end":{}}],"line":29},"2":{"loc":{"start":{"line":44,"column":6},"end":{"line":44,"column":null}},"type":"cond-expr","locations":[{"start":{"line":44,"column":77},"end":{"line":44,"column":97}},{"start":{"line":44,"column":97},"end":{"line":44,"column":null}}],"line":44},"3":{"loc":{"start":{"line":44,"column":6},"end":{"line":44,"column":77}},"type":"binary-expr","locations":[{"start":{"line":44,"column":6},"end":{"line":44,"column":45}},{"start":{"line":44,"column":45},"end":{"line":44,"column":77}}],"line":44}},"s":{"0":4,"1":18,"2":18,"3":5,"4":5,"5":13,"6":2,"7":11,"8":29,"9":81,"10":29,"11":10,"12":39,"13":104,"14":312,"15":104,"16":16,"17":30,"18":8,"19":19,"20":10,"21":19,"22":57,"23":19},"f":{"0":18,"1":5,"2":29,"3":81,"4":10,"5":39,"6":104,"7":312,"8":16,"9":30,"10":8,"11":19,"12":10,"13":19,"14":57},"b":{"0":[5,13],"1":[2,11],"2":[0,39],"3":[39,0]},"meta":{"lastBranch":4,"lastFunction":15,"lastStatement":24,"seen":{"s:8:22:8:Infinity":0,"f:14:16:14:Infinity":0,"s:20:16:20:Infinity":1,"b:22:2:27:Infinity:undefined:undefined:undefined:undefined":0,"s:22:2:27:Infinity":2,"s:23:4:26:Infinity":3,"f:23:82:23:88":1,"s:23:100:26:6":4,"b:29:2:31:Infinity:undefined:undefined:undefined:undefined":1,"s:29:2:31:Infinity":5,"s:30:4:30:Infinity":6,"s:33:2:33:Infinity":7,"f:36:16:36:34":2,"s:37:19:37:Infinity":8,"f:37:19:37:35":3,"s:37:45:37:57":9,"s:39:2:46:Infinity":10,"f:41:4:41:14":4,"s:41:40:41:Infinity":11,"f:43:4:43:23":5,"s:44:6:44:Infinity":12,"b:44:77:44:97:44:97:44:Infinity":2,"b:44:6:44:45:44:45:44:77":3,"f:49:16:49:28":6,"s:50:19:50:Infinity":13,"f:50:19:50:35":7,"s:50:45:50:57":14,"s:52:2:56:Infinity":15,"f:54:4:54:14":8,"s:54:29:54:Infinity":16,"f:59:16:59:31":9,"s:60:2:64:Infinity":17,"f:62:4:62:14":10,"s:62:29:62:Infinity":18,"f:67:16:67:36":11,"s:68:2:71:Infinity":19,"f:70:4:70:14":12,"s:70:29:70:Infinity":20,"f:74:16:74:32":13,"s:75:19:75:Infinity":21,"f:75:19:75:35":14,"s:75:45:75:57":22,"s:76:2:76:Infinity":23},"fnNames":{}}}
,"/home/lacerda/Documentos/GitHub/react-frontend-challenge/src/entities/movie/api/query-keys.ts": {"path":"/home/lacerda/Documentos/GitHub/react-frontend-challenge/src/entities/movie/api/query-keys.ts","statementMap":{"0":{"start":{"line":4,"column":25},"end":{"line":11,"column":null}},"1":{"start":{"line":6,"column":15},"end":{"line":6,"column":null}},"2":{"start":{"line":7,"column":51},"end":{"line":7,"column":null}},"3":{"start":{"line":8,"column":43},"end":{"line":8,"column":null}},"4":{"start":{"line":9,"column":30},"end":{"line":9,"column":null}},"5":{"start":{"line":10,"column":19},"end":{"line":10,"column":null}}},"fnMap":{"0":{"name":"(anonymous_0)","decl":{"start":{"line":6,"column":2},"end":{"line":6,"column":15}},"loc":{"start":{"line":6,"column":15},"end":{"line":6,"column":null}},"line":6},"1":{"name":"(anonymous_1)","decl":{"start":{"line":7,"column":2},"end":{"line":7,"column":9}},"loc":{"start":{"line":7,"column":51},"end":{"line":7,"column":null}},"line":7},"2":{"name":"(anonymous_2)","decl":{"start":{"line":8,"column":2},"end":{"line":8,"column":12}},"loc":{"start":{"line":8,"column":43},"end":{"line":8,"column":null}},"line":8},"3":{"name":"(anonymous_3)","decl":{"start":{"line":9,"column":2},"end":{"line":9,"column":11}},"loc":{"start":{"line":9,"column":30},"end":{"line":9,"column":null}},"line":9},"4":{"name":"(anonymous_4)","decl":{"start":{"line":10,"column":2},"end":{"line":10,"column":19}},"loc":{"start":{"line":10,"column":19},"end":{"line":10,"column":null}},"line":10}},"branchMap":{},"s":{"0":4,"1":29,"2":29,"3":19,"4":104,"5":30},"f":{"0":29,"1":29,"2":19,"3":104,"4":30},"b":{},"meta":{"lastBranch":0,"lastFunction":5,"lastStatement":6,"seen":{"s:4:25:11:Infinity":0,"f:6:2:6:15":0,"s:6:15:6:Infinity":1,"f:7:2:7:9":1,"s:7:51:7:Infinity":2,"f:8:2:8:12":2,"s:8:43:8:Infinity":3,"f:9:2:9:11":3,"s:9:30:9:Infinity":4,"f:10:2:10:19":4,"s:10:19:10:Infinity":5},"fnNames":{}}}
,"/home/lacerda/Documentos/GitHub/react-frontend-challenge/src/entities/movie/lib/filter-movies.ts": {"path":"/home/lacerda/Documentos/GitHub/react-frontend-challenge/src/entities/movie/lib/filter-movies.ts","statementMap":{"0":{"start":{"line":4,"column":2},"end":{"line":4,"column":null}},"1":{"start":{"line":4,"column":26},"end":{"line":4,"column":null}},"2":{"start":{"line":5,"column":15},"end":{"line":5,"column":null}},"3":{"start":{"line":6,"column":2},"end":{"line":6,"column":null}},"4":{"start":{"line":10,"column":2},"end":{"line":10,"column":null}},"5":{"start":{"line":10,"column":68},"end":{"line":10,"column":null}},"6":{"start":{"line":11,"column":2},"end":{"line":11,"column":null}},"7":{"start":{"line":11,"column":59},"end":{"line":11,"column":null}},"8":{"start":{"line":12,"column":2},"end":{"line":12,"column":null}},"9":{"start":{"line":12,"column":66},"end":{"line":12,"column":null}},"10":{"start":{"line":13,"column":2},"end":{"line":13,"column":null}},"11":{"start":{"line":13,"column":80},"end":{"line":13,"column":null}},"12":{"start":{"line":14,"column":2},"end":{"line":14,"column":null}},"13":{"start":{"line":14,"column":87},"end":{"line":14,"column":null}},"14":{"start":{"line":15,"column":2},"end":{"line":15,"column":null}},"15":{"start":{"line":15,"column":62},"end":{"line":15,"column":null}},"16":{"start":{"line":16,"column":2},"end":{"line":16,"column":null}},"17":{"start":{"line":20,"column":2},"end":{"line":20,"column":null}},"18":{"start":{"line":20,"column":34},"end":{"line":20,"column":64}},"19":{"start":{"line":23,"column":27},"end":{"line":23,"column":null}},"20":{"start":{"line":26,"column":2},"end":{"line":26,"column":null}},"21":{"start":{"line":30,"column":17},"end":{"line":38,"column":null}},"22":{"start":{"line":39,"column":2},"end":{"line":39,"column":null}},"23":{"start":{"line":43,"column":2},"end":{"line":43,"column":null}}},"fnMap":{"0":{"name":"releaseYear","decl":{"start":{"line":3,"column":16},"end":{"line":3,"column":28}},"loc":{"start":{"line":3,"column":78},"end":{"line":7,"column":null}},"line":3},"1":{"name":"matchesFilters","decl":{"start":{"line":9,"column":16},"end":{"line":9,"column":31}},"loc":{"start":{"line":9,"column":77},"end":{"line":17,"column":null}},"line":9},"2":{"name":"filterMovies","decl":{"start":{"line":19,"column":16},"end":{"line":19,"column":29}},"loc":{"start":{"line":19,"column":78},"end":{"line":21,"column":null}},"line":19},"3":{"name":"(anonymous_3)","decl":{"start":{"line":20,"column":16},"end":{"line":20,"column":24}},"loc":{"start":{"line":20,"column":34},"end":{"line":20,"column":64}},"line":20},"4":{"name":"isDiscoverOnly","decl":{"start":{"line":25,"column":16},"end":{"line":25,"column":31}},"loc":{"start":{"line":25,"column":65},"end":{"line":27,"column":null}},"line":25},"5":{"name":"countActiveFilters","decl":{"start":{"line":29,"column":16},"end":{"line":29,"column":35}},"loc":{"start":{"line":29,"column":66},"end":{"line":40,"column":null}},"line":29},"6":{"name":"hasActiveFilters","decl":{"start":{"line":42,"column":16},"end":{"line":42,"column":33}},"loc":{"start":{"line":42,"column":65},"end":{"line":44,"column":null}},"line":42}},"branchMap":{"0":{"loc":{"start":{"line":4,"column":2},"end":{"line":4,"column":null}},"type":"if","locations":[{"start":{"line":4,"column":2},"end":{"line":4,"column":null}},{"start":{},"end":{}}],"line":4},"1":{"loc":{"start":{"line":6,"column":9},"end":{"line":6,"column":null}},"type":"cond-expr","locations":[{"start":{"line":6,"column":30},"end":{"line":6,"column":37}},{"start":{"line":6,"column":37},"end":{"line":6,"column":null}}],"line":6},"2":{"loc":{"start":{"line":10,"column":2},"end":{"line":10,"column":null}},"type":"if","locations":[{"start":{"line":10,"column":2},"end":{"line":10,"column":null}},{"start":{},"end":{}}],"line":10},"3":{"loc":{"start":{"line":10,"column":6},"end":{"line":10,"column":68}},"type":"binary-expr","locations":[{"start":{"line":10,"column":6},"end":{"line":10,"column":25}},{"start":{"line":10,"column":25},"end":{"line":10,"column":68}}],"line":10},"4":{"loc":{"start":{"line":11,"column":2},"end":{"line":11,"column":null}},"type":"if","locations":[{"start":{"line":11,"column":2},"end":{"line":11,"column":null}},{"start":{},"end":{}}],"line":11},"5":{"loc":{"start":{"line":11,"column":6},"end":{"line":11,"column":59}},"type":"binary-expr","locations":[{"start":{"line":11,"column":6},"end":{"line":11,"column":22}},{"start":{"line":11,"column":22},"end":{"line":11,"column":59}}],"line":11},"6":{"loc":{"start":{"line":12,"column":2},"end":{"line":12,"column":null}},"type":"if","locations":[{"start":{"line":12,"column":2},"end":{"line":12,"column":null}},{"start":{},"end":{}}],"line":12},"7":{"loc":{"start":{"line":12,"column":6},"end":{"line":12,"column":66}},"type":"binary-expr","locations":[{"start":{"line":12,"column":6},"end":{"line":12,"column":27}},{"start":{"line":12,"column":27},"end":{"line":12,"column":66}}],"line":12},"8":{"loc":{"start":{"line":13,"column":2},"end":{"line":13,"column":null}},"type":"if","locations":[{"start":{"line":13,"column":2},"end":{"line":13,"column":null}},{"start":{},"end":{}}],"line":13},"9":{"loc":{"start":{"line":13,"column":6},"end":{"line":13,"column":80}},"type":"binary-expr","locations":[{"start":{"line":13,"column":6},"end":{"line":13,"column":41}},{"start":{"line":13,"column":41},"end":{"line":13,"column":80}}],"line":13},"10":{"loc":{"start":{"line":14,"column":2},"end":{"line":14,"column":null}},"type":"if","locations":[{"start":{"line":14,"column":2},"end":{"line":14,"column":null}},{"start":{},"end":{}}],"line":14},"11":{"loc":{"start":{"line":14,"column":6},"end":{"line":14,"column":87}},"type":"binary-expr","locations":[{"start":{"line":14,"column":6},"end":{"line":14,"column":34}},{"start":{"line":14,"column":34},"end":{"line":14,"column":87}}],"line":14},"12":{"loc":{"start":{"line":15,"column":2},"end":{"line":15,"column":null}},"type":"if","locations":[{"start":{"line":15,"column":2},"end":{"line":15,"column":null}},{"start":{},"end":{}}],"line":15},"13":{"loc":{"start":{"line":15,"column":6},"end":{"line":15,"column":62}},"type":"binary-expr","locations":[{"start":{"line":15,"column":6},"end":{"line":15,"column":26}},{"start":{"line":15,"column":26},"end":{"line":15,"column":62}}],"line":15},"14":{"loc":{"start":{"line":33,"column":4},"end":{"line":33,"column":null}},"type":"binary-expr","locations":[{"start":{"line":33,"column":4},"end":{"line":33,"column":39}},{"start":{"line":33,"column":39},"end":{"line":33,"column":null}}],"line":33},"15":{"loc":{"start":{"line":35,"column":4},"end":{"line":35,"column":null}},"type":"binary-expr","locations":[{"start":{"line":35,"column":4},"end":{"line":35,"column":40}},{"start":{"line":35,"column":40},"end":{"line":35,"column":null}}],"line":35}},"s":{"0":109,"1":1,"2":108,"3":108,"4":28,"5":3,"6":25,"7":2,"8":23,"9":1,"10":22,"11":2,"12":20,"13":1,"14":19,"15":1,"16":18,"17":7,"18":10,"19":5,"20":0,"21":76,"22":76,"23":43},"f":{"0":109,"1":28,"2":7,"3":10,"4":0,"5":76,"6":43},"b":{"0":[1,108],"1":[1,107],"2":[3,25],"3":[28,9],"4":[2,23],"5":[25,4],"6":[1,22],"7":[23,3],"8":[2,20],"9":[22,4],"10":[1,19],"11":[20,2],"12":[1,18],"13":[19,2],"14":[76,75],"15":[76,76]},"meta":{"lastBranch":16,"lastFunction":7,"lastStatement":24,"seen":{"f:3:16:3:28":0,"b:4:2:4:Infinity:undefined:undefined:undefined:undefined":0,"s:4:2:4:Infinity":0,"s:4:26:4:Infinity":1,"s:5:15:5:Infinity":2,"s:6:2:6:Infinity":3,"b:6:30:6:37:6:37:6:Infinity":1,"f:9:16:9:31":1,"b:10:2:10:Infinity:undefined:undefined:undefined:undefined":2,"s:10:2:10:Infinity":4,"b:10:6:10:25:10:25:10:68":3,"s:10:68:10:Infinity":5,"b:11:2:11:Infinity:undefined:undefined:undefined:undefined":4,"s:11:2:11:Infinity":6,"b:11:6:11:22:11:22:11:59":5,"s:11:59:11:Infinity":7,"b:12:2:12:Infinity:undefined:undefined:undefined:undefined":6,"s:12:2:12:Infinity":8,"b:12:6:12:27:12:27:12:66":7,"s:12:66:12:Infinity":9,"b:13:2:13:Infinity:undefined:undefined:undefined:undefined":8,"s:13:2:13:Infinity":10,"b:13:6:13:41:13:41:13:80":9,"s:13:80:13:Infinity":11,"b:14:2:14:Infinity:undefined:undefined:undefined:undefined":10,"s:14:2:14:Infinity":12,"b:14:6:14:34:14:34:14:87":11,"s:14:87:14:Infinity":13,"b:15:2:15:Infinity:undefined:undefined:undefined:undefined":12,"s:15:2:15:Infinity":14,"b:15:6:15:26:15:26:15:62":13,"s:15:62:15:Infinity":15,"s:16:2:16:Infinity":16,"f:19:16:19:29":2,"s:20:2:20:Infinity":17,"f:20:16:20:24":3,"s:20:34:20:64":18,"s:23:27:23:Infinity":19,"f:25:16:25:31":4,"s:26:2:26:Infinity":20,"f:29:16:29:35":5,"s:30:17:38:Infinity":21,"b:33:4:33:39:33:39:33:Infinity":14,"b:35:4:35:40:35:40:35:Infinity":15,"s:39:2:39:Infinity":22,"f:42:16:42:33":6,"s:43:2:43:Infinity":23},"fnNames":{}}}
,"/home/lacerda/Documentos/GitHub/react-frontend-challenge/src/entities/movie/lib/use-genre-map.ts": {"path":"/home/lacerda/Documentos/GitHub/react-frontend-challenge/src/entities/movie/lib/use-genre-map.ts","statementMap":{"0":{"start":{"line":5,"column":17},"end":{"line":5,"column":27}},"1":{"start":{"line":7,"column":2},"end":{"line":7,"column":null}},"2":{"start":{"line":7,"column":23},"end":{"line":7,"column":91}},"3":{"start":{"line":7,"column":59},"end":{"line":7,"column":81}}},"fnMap":{"0":{"name":"useGenreMap","decl":{"start":{"line":4,"column":16},"end":{"line":4,"column":30}},"loc":{"start":{"line":4,"column":30},"end":{"line":8,"column":null}},"line":4},"1":{"name":"(anonymous_1)","decl":{"start":{"line":7,"column":9},"end":{"line":7,"column":23}},"loc":{"start":{"line":7,"column":23},"end":{"line":7,"column":91}},"line":7},"2":{"name":"(anonymous_2)","decl":{"start":{"line":7,"column":44},"end":{"line":7,"column":49}},"loc":{"start":{"line":7,"column":59},"end":{"line":7,"column":81}},"line":7}},"branchMap":{"0":{"loc":{"start":{"line":7,"column":31},"end":{"line":7,"column":88}},"type":"binary-expr","locations":[{"start":{"line":7,"column":31},"end":{"line":7,"column":86}},{"start":{"line":7,"column":86},"end":{"line":7,"column":88}}],"line":7}},"s":{"0":74,"1":74,"2":21,"3":26},"f":{"0":74,"1":21,"2":26},"b":{"0":[21,8]},"meta":{"lastBranch":1,"lastFunction":3,"lastStatement":4,"seen":{"f:4:16:4:30":0,"s:5:17:5:27":0,"s:7:2:7:Infinity":1,"f:7:9:7:23":1,"s:7:23:7:91":2,"b:7:31:7:86:7:86:7:88":0,"f:7:44:7:49":2,"s:7:59:7:81":3},"fnNames":{}}}
,"/home/lacerda/Documentos/GitHub/react-frontend-challenge/src/entities/movie/model/types.ts": {"path":"/home/lacerda/Documentos/GitHub/react-frontend-challenge/src/entities/movie/model/types.ts","statementMap":{"0":{"start":{"line":46,"column":28},"end":{"line":54,"column":null}}},"fnMap":{},"branchMap":{},"s":{"0":3},"f":{},"b":{},"meta":{"lastBranch":0,"lastFunction":0,"lastStatement":1,"seen":{"s:46:28:54:Infinity":0},"fnNames":{}}}
,"/home/lacerda/Documentos/GitHub/react-frontend-challenge/src/entities/movie/ui/cast-list.tsx": {"path":"/home/lacerda/Documentos/GitHub/react-frontend-challenge/src/entities/movie/ui/cast-list.tsx","statementMap":{"0":{"start":{"line":7,"column":2},"end":{"line":13,"column":null}},"1":{"start":{"line":11,"column":19},"end":{"line":11,"column":26}},"2":{"start":{"line":21,"column":16},"end":{"line":21,"column":31}},"3":{"start":{"line":23,"column":2},"end":{"line":45,"column":null}},"4":{"start":{"line":26,"column":22},"end":{"line":26,"column":null}},"5":{"start":{"line":27,"column":8},"end":{"line":42,"column":null}}},"fnMap":{"0":{"name":"initials","decl":{"start":{"line":6,"column":9},"end":{"line":6,"column":18}},"loc":{"start":{"line":6,"column":32},"end":{"line":14,"column":null}},"line":6},"1":{"name":"(anonymous_1)","decl":{"start":{"line":11,"column":5},"end":{"line":11,"column":10}},"loc":{"start":{"line":11,"column":19},"end":{"line":11,"column":26}},"line":11},"2":{"name":"CastList","decl":{"start":{"line":20,"column":16},"end":{"line":20,"column":25}},"loc":{"start":{"line":20,"column":50},"end":{"line":47,"column":null}},"line":20},"3":{"name":"(anonymous_3)","decl":{"start":{"line":25,"column":12},"end":{"line":25,"column":17}},"loc":{"start":{"line":25,"column":28},"end":{"line":44,"column":7}},"line":25}},"branchMap":{"0":{"loc":{"start":{"line":30,"column":15},"end":{"line":33,"column":null}},"type":"cond-expr","locations":[{"start":{"line":31,"column":16},"end":{"line":33,"column":17}},{"start":{"line":33,"column":16},"end":{"line":33,"column":null}}],"line":30}},"s":{"0":0,"1":0,"2":1,"3":1,"4":1,"5":1},"f":{"0":0,"1":0,"2":1,"3":1},"b":{"0":[1,0]},"meta":{"lastBranch":1,"lastFunction":4,"lastStatement":6,"seen":{"f:6:9:6:18":0,"s:7:2:13:Infinity":0,"f:11:5:11:10":1,"s:11:19:11:26":1,"f:20:16:20:25":2,"s:21:16:21:31":2,"s:23:2:45:Infinity":3,"f:25:12:25:17":3,"s:26:22:26:Infinity":4,"s:27:8:42:Infinity":5,"b:31:16:33:17:33:16:33:Infinity":0},"fnNames":{}}}
,"/home/lacerda/Documentos/GitHub/react-frontend-challenge/src/entities/movie/ui/genre-badges.tsx": {"path":"/home/lacerda/Documentos/GitHub/react-frontend-challenge/src/entities/movie/ui/genre-badges.tsx","statementMap":{"0":{"start":{"line":11,"column":2},"end":{"line":11,"column":null}},"1":{"start":{"line":11,"column":27},"end":{"line":11,"column":null}},"2":{"start":{"line":13,"column":16},"end":{"line":13,"column":null}},"3":{"start":{"line":14,"column":17},"end":{"line":14,"column":null}},"4":{"start":{"line":16,"column":2},"end":{"line":34,"column":null}},"5":{"start":{"line":19,"column":8},"end":{"line":23,"column":null}}},"fnMap":{"0":{"name":"GenreBadges","decl":{"start":{"line":10,"column":16},"end":{"line":10,"column":28}},"loc":{"start":{"line":10,"column":86},"end":{"line":36,"column":null}},"line":10},"1":{"name":"(anonymous_1)","decl":{"start":{"line":18,"column":13},"end":{"line":18,"column":18}},"loc":{"start":{"line":19,"column":8},"end":{"line":23,"column":null}},"line":19}},"branchMap":{"0":{"loc":{"start":{"line":10,"column":38},"end":{"line":10,"column":59}},"type":"default-arg","locations":[{"start":{"line":10,"column":44},"end":{"line":10,"column":59}}],"line":10},"1":{"loc":{"start":{"line":11,"column":2},"end":{"line":11,"column":null}},"type":"if","locations":[{"start":{"line":11,"column":2},"end":{"line":11,"column":null}},{"start":{},"end":{}}],"line":11},"2":{"loc":{"start":{"line":25,"column":7},"end":{"line":33,"column":null}},"type":"cond-expr","locations":[{"start":{"line":26,"column":8},"end":{"line":33,"column":null}},{"start":{"line":33,"column":10},"end":{"line":33,"column":null}}],"line":25}},"s":{"0":128,"1":13,"2":115,"3":115,"4":115,"5":120},"f":{"0":128,"1":120},"b":{"0":[128],"1":[13,115],"2":[1,114]},"meta":{"lastBranch":3,"lastFunction":2,"lastStatement":6,"seen":{"f:10:16:10:28":0,"b:10:44:10:59":0,"b:11:2:11:Infinity:undefined:undefined:undefined:undefined":1,"s:11:2:11:Infinity":0,"s:11:27:11:Infinity":1,"s:13:16:13:Infinity":2,"s:14:17:14:Infinity":3,"s:16:2:34:Infinity":4,"f:18:13:18:18":1,"s:19:8:23:Infinity":5,"b:26:8:33:Infinity:33:10:33:Infinity":2},"fnNames":{}}}
,"/home/lacerda/Documentos/GitHub/react-frontend-challenge/src/entities/movie/ui/movie-card-skeleton.tsx": {"path":"/home/lacerda/Documentos/GitHub/react-frontend-challenge/src/entities/movie/ui/movie-card-skeleton.tsx","statementMap":{"0":{"start":{"line":4,"column":2},"end":{"line":16,"column":null}}},"fnMap":{"0":{"name":"MovieCardSkeleton","decl":{"start":{"line":3,"column":16},"end":{"line":3,"column":36}},"loc":{"start":{"line":3,"column":36},"end":{"line":18,"column":null}},"line":3}},"branchMap":{},"s":{"0":96},"f":{"0":96},"b":{},"meta":{"lastBranch":0,"lastFunction":1,"lastStatement":1,"seen":{"f:3:16:3:36":0,"s:4:2:16:Infinity":0},"fnNames":{}}}
,"/home/lacerda/Documentos/GitHub/react-frontend-challenge/src/entities/movie/ui/movie-card.tsx": {"path":"/home/lacerda/Documentos/GitHub/react-frontend-challenge/src/entities/movie/ui/movie-card.tsx","statementMap":{"0":{"start":{"line":19,"column":2},"end":{"line":19,"column":null}},"1":{"start":{"line":19,"column":32},"end":{"line":19,"column":82}},"2":{"start":{"line":23,"column":24},"end":{"line":23,"column":39}},"3":{"start":{"line":24,"column":19},"end":{"line":24,"column":31}},"4":{"start":{"line":26,"column":15},"end":{"line":26,"column":null}},"5":{"start":{"line":27,"column":19},"end":{"line":27,"column":null}},"6":{"start":{"line":28,"column":17},"end":{"line":28,"column":null}},"7":{"start":{"line":29,"column":23},"end":{"line":29,"column":null}},"8":{"start":{"line":30,"column":17},"end":{"line":30,"column":null}},"9":{"start":{"line":30,"column":44},"end":{"line":30,"column":60}},"10":{"start":{"line":30,"column":95},"end":{"line":30,"column":108}},"11":{"start":{"line":31,"column":19},"end":{"line":31,"column":null}},"12":{"start":{"line":33,"column":19},"end":{"line":39,"column":null}},"13":{"start":{"line":42,"column":4},"end":{"line":42,"column":null}},"14":{"start":{"line":42,"column":39},"end":{"line":42,"column":null}},"15":{"start":{"line":43,"column":28},"end":{"line":43,"column":null}},"16":{"start":{"line":44,"column":4},"end":{"line":44,"column":null}},"17":{"start":{"line":47,"column":2},"end":{"line":109,"column":null}}},"fnMap":{"0":{"name":"joinMeta","decl":{"start":{"line":18,"column":9},"end":{"line":18,"column":18}},"loc":{"start":{"line":18,"column":68},"end":{"line":20,"column":null}},"line":18},"1":{"name":"(anonymous_1)","decl":{"start":{"line":19,"column":15},"end":{"line":19,"column":23}},"loc":{"start":{"line":19,"column":32},"end":{"line":19,"column":82}},"line":19},"2":{"name":"MovieCard","decl":{"start":{"line":22,"column":16},"end":{"line":22,"column":26}},"loc":{"start":{"line":22,"column":61},"end":{"line":111,"column":null}},"line":22},"3":{"name":"(anonymous_3)","decl":{"start":{"line":30,"column":32},"end":{"line":30,"column":37}},"loc":{"start":{"line":30,"column":44},"end":{"line":30,"column":60}},"line":30},"4":{"name":"(anonymous_4)","decl":{"start":{"line":30,"column":62},"end":{"line":30,"column":70}},"loc":{"start":{"line":30,"column":95},"end":{"line":30,"column":108}},"line":30},"5":{"name":"handlePointerEnter","decl":{"start":{"line":41,"column":11},"end":{"line":41,"column":30}},"loc":{"start":{"line":41,"column":70},"end":{"line":45,"column":null}},"line":41}},"branchMap":{"0":{"loc":{"start":{"line":19,"column":32},"end":{"line":19,"column":82}},"type":"binary-expr","locations":[{"start":{"line":19,"column":32},"end":{"line":19,"column":49}},{"start":{"line":19,"column":49},"end":{"line":19,"column":71}},{"start":{"line":19,"column":71},"end":{"line":19,"column":82}}],"line":19},"1":{"loc":{"start":{"line":31,"column":19},"end":{"line":31,"column":null}},"type":"binary-expr","locations":[{"start":{"line":31,"column":19},"end":{"line":31,"column":60}},{"start":{"line":31,"column":60},"end":{"line":31,"column":null}}],"line":31},"2":{"loc":{"start":{"line":35,"column":4},"end":{"line":35,"column":null}},"type":"cond-expr","locations":[{"start":{"line":35,"column":15},"end":{"line":35,"column":45}},{"start":{"line":35,"column":45},"end":{"line":35,"column":null}}],"line":35},"3":{"loc":{"start":{"line":36,"column":4},"end":{"line":36,"column":null}},"type":"cond-expr","locations":[{"start":{"line":36,"column":15},"end":{"line":36,"column":56}},{"start":{"line":36,"column":56},"end":{"line":36,"column":null}}],"line":36},"4":{"loc":{"start":{"line":42,"column":4},"end":{"line":42,"column":null}},"type":"if","locations":[{"start":{"line":42,"column":4},"end":{"line":42,"column":null}},{"start":{},"end":{}}],"line":42},"5":{"loc":{"start":{"line":70,"column":13},"end":{"line":70,"column":null}},"type":"cond-expr","locations":[{"start":{"line":70,"column":20},"end":{"line":70,"column":null}},{"start":{"line":70,"column":42},"end":{"line":70,"column":null}}],"line":70},"6":{"loc":{"start":{"line":71,"column":13},"end":{"line":88,"column":null}},"type":"cond-expr","locations":[{"start":{"line":72,"column":14},"end":{"line":88,"column":null}},{"start":{"line":88,"column":16},"end":{"line":88,"column":null}}],"line":71},"7":{"loc":{"start":{"line":92,"column":13},"end":{"line":101,"column":null}},"type":"cond-expr","locations":[{"start":{"line":93,"column":14},"end":{"line":101,"column":null}},{"start":{"line":101,"column":16},"end":{"line":101,"column":null}}],"line":92},"8":{"loc":{"start":{"line":102,"column":13},"end":{"line":104,"column":null}},"type":"cond-expr","locations":[{"start":{"line":103,"column":14},"end":{"line":104,"column":null}},{"start":{"line":104,"column":16},"end":{"line":104,"column":null}}],"line":102},"9":{"loc":{"start":{"line":102,"column":13},"end":{"line":102,"column":null}},"type":"binary-expr","locations":[{"start":{"line":102,"column":13},"end":{"line":102,"column":36}},{"start":{"line":102,"column":36},"end":{"line":102,"column":null}}],"line":102}},"s":{"0":14,"1":70,"2":14,"3":14,"4":14,"5":14,"6":14,"7":14,"8":14,"9":14,"10":14,"11":14,"12":14,"13":1,"14":0,"15":1,"16":1,"17":14},"f":{"0":14,"1":70,"2":14,"3":14,"4":14,"5":1},"b":{"0":[70,70,70],"1":[14,0],"2":[14,0],"3":[14,0],"4":[0,1],"5":[14,0],"6":[14,0],"7":[14,0],"8":[0,14],"9":[14,0]},"meta":{"lastBranch":10,"lastFunction":6,"lastStatement":18,"seen":{"f:18:9:18:18":0,"s:19:2:19:Infinity":0,"f:19:15:19:23":1,"s:19:32:19:82":1,"b:19:32:19:49:19:49:19:71:19:71:19:82":0,"f:22:16:22:26":2,"s:23:24:23:39":2,"s:24:19:24:31":3,"s:26:15:26:Infinity":4,"s:27:19:27:Infinity":5,"s:28:17:28:Infinity":6,"s:29:23:29:Infinity":7,"s:30:17:30:Infinity":8,"f:30:32:30:37":3,"s:30:44:30:60":9,"f:30:62:30:70":4,"s:30:95:30:108":10,"s:31:19:31:Infinity":11,"b:31:19:31:60:31:60:31:Infinity":1,"s:33:19:39:Infinity":12,"b:35:15:35:45:35:45:35:Infinity":2,"b:36:15:36:56:36:56:36:Infinity":3,"f:41:11:41:30":5,"b:42:4:42:Infinity:undefined:undefined:undefined:undefined":4,"s:42:4:42:Infinity":13,"s:42:39:42:Infinity":14,"s:43:28:43:Infinity":15,"s:44:4:44:Infinity":16,"s:47:2:109:Infinity":17,"b:70:20:70:Infinity:70:42:70:Infinity":5,"b:72:14:88:Infinity:88:16:88:Infinity":6,"b:93:14:101:Infinity:101:16:101:Infinity":7,"b:103:14:104:Infinity:104:16:104:Infinity":8,"b:102:13:102:36:102:36:102:Infinity":9},"fnNames":{}}}
,"/home/lacerda/Documentos/GitHub/react-frontend-challenge/src/entities/movie/ui/movie-poster.tsx": {"path":"/home/lacerda/Documentos/GitHub/react-frontend-challenge/src/entities/movie/ui/movie-poster.tsx","statementMap":{"0":{"start":{"line":15,"column":14},"end":{"line":15,"column":null}},"1":{"start":{"line":16,"column":30},"end":{"line":16,"column":null}},"2":{"start":{"line":17,"column":20},"end":{"line":17,"column":null}},"3":{"start":{"line":19,"column":19},"end":{"line":21,"column":null}},"4":{"start":{"line":20,"column":4},"end":{"line":20,"column":null}},"5":{"start":{"line":20,"column":49},"end":{"line":20,"column":null}},"6":{"start":{"line":23,"column":2},"end":{"line":52,"column":null}},"7":{"start":{"line":34,"column":26},"end":{"line":34,"column":null}},"8":{"start":{"line":35,"column":27},"end":{"line":35,"column":null}}},"fnMap":{"0":{"name":"MoviePoster","decl":{"start":{"line":14,"column":16},"end":{"line":14,"column":28}},"loc":{"start":{"line":14,"column":87},"end":{"line":54,"column":null}},"line":14},"1":{"name":"(anonymous_1)","decl":{"start":{"line":19,"column":19},"end":{"line":19,"column":32}},"loc":{"start":{"line":19,"column":66},"end":{"line":21,"column":5}},"line":19},"2":{"name":"(anonymous_2)","decl":{"start":{"line":34,"column":12},"end":{"line":34,"column":26}},"loc":{"start":{"line":34,"column":26},"end":{"line":34,"column":null}},"line":34},"3":{"name":"(anonymous_3)","decl":{"start":{"line":35,"column":12},"end":{"line":35,"column":27}},"loc":{"start":{"line":35,"column":27},"end":{"line":35,"column":null}},"line":35}},"branchMap":{"0":{"loc":{"start":{"line":14,"column":41},"end":{"line":14,"column":56}},"type":"default-arg","locations":[{"start":{"line":14,"column":48},"end":{"line":14,"column":56}}],"line":14},"1":{"loc":{"start":{"line":17,"column":20},"end":{"line":17,"column":null}},"type":"binary-expr","locations":[{"start":{"line":17,"column":20},"end":{"line":17,"column":36}},{"start":{"line":17,"column":36},"end":{"line":17,"column":null}}],"line":17},"2":{"loc":{"start":{"line":20,"column":4},"end":{"line":20,"column":null}},"type":"if","locations":[{"start":{"line":20,"column":4},"end":{"line":20,"column":null}},{"start":{},"end":{}}],"line":20},"3":{"loc":{"start":{"line":20,"column":8},"end":{"line":20,"column":49}},"type":"binary-expr","locations":[{"start":{"line":20,"column":8},"end":{"line":20,"column":26}},{"start":{"line":20,"column":26},"end":{"line":20,"column":49}}],"line":20},"4":{"loc":{"start":{"line":25,"column":7},"end":{"line":50,"column":null}},"type":"cond-expr","locations":[{"start":{"line":26,"column":8},"end":{"line":43,"column":9}},{"start":{"line":43,"column":8},"end":{"line":50,"column":null}}],"line":25},"5":{"loc":{"start":{"line":27,"column":11},"end":{"line":27,"column":null}},"type":"cond-expr","locations":[{"start":{"line":27,"column":34},"end":{"line":27,"column":null}},{"start":{"line":27,"column":91},"end":{"line":27,"column":null}}],"line":27},"6":{"loc":{"start":{"line":38,"column":14},"end":{"line":38,"column":null}},"type":"cond-expr","locations":[{"start":{"line":38,"column":36},"end":{"line":38,"column":52}},{"start":{"line":38,"column":52},"end":{"line":38,"column":null}}],"line":38},"7":{"loc":{"start":{"line":44,"column":16},"end":{"line":44,"column":null}},"type":"cond-expr","locations":[{"start":{"line":44,"column":22},"end":{"line":44,"column":30}},{"start":{"line":44,"column":30},"end":{"line":44,"column":null}}],"line":44},"8":{"loc":{"start":{"line":45,"column":22},"end":{"line":45,"column":null}},"type":"binary-expr","locations":[{"start":{"line":45,"column":22},"end":{"line":45,"column":29}},{"start":{"line":45,"column":29},"end":{"line":45,"column":null}}],"line":45},"9":{"loc":{"start":{"line":46,"column":23},"end":{"line":46,"column":null}},"type":"cond-expr","locations":[{"start":{"line":46,"column":29},"end":{"line":46,"column":41}},{"start":{"line":46,"column":41},"end":{"line":46,"column":null}}],"line":46}},"s":{"0":136,"1":136,"2":136,"3":136,"4":78,"5":0,"6":136,"7":0,"8":0},"f":{"0":136,"1":78,"2":0,"3":0},"b":{"0":[136],"1":[136,136],"2":[0,78],"3":[78,0],"4":[136,0],"5":[136,0],"6":[0,136],"7":[0,0],"8":[0,0],"9":[0,0]},"meta":{"lastBranch":10,"lastFunction":4,"lastStatement":9,"seen":{"f:14:16:14:28":0,"b:14:48:14:56":0,"s:15:14:15:Infinity":0,"s:16:30:16:Infinity":1,"s:17:20:17:Infinity":2,"b:17:20:17:36:17:36:17:Infinity":1,"s:19:19:21:Infinity":3,"f:19:19:19:32":1,"b:20:4:20:Infinity:undefined:undefined:undefined:undefined":2,"s:20:4:20:Infinity":4,"b:20:8:20:26:20:26:20:49":3,"s:20:49:20:Infinity":5,"s:23:2:52:Infinity":6,"b:26:8:43:9:43:8:50:Infinity":4,"b:27:34:27:Infinity:27:91:27:Infinity":5,"f:34:12:34:26":2,"s:34:26:34:Infinity":7,"f:35:12:35:27":3,"s:35:27:35:Infinity":8,"b:38:36:38:52:38:52:38:Infinity":6,"b:44:22:44:30:44:30:44:Infinity":7,"b:45:22:45:29:45:29:45:Infinity":8,"b:46:29:46:41:46:41:46:Infinity":9},"fnNames":{}}}
,"/home/lacerda/Documentos/GitHub/react-frontend-challenge/src/entities/movie/ui/trailer-embed.tsx": {"path":"/home/lacerda/Documentos/GitHub/react-frontend-challenge/src/entities/movie/ui/trailer-embed.tsx","statementMap":{"0":{"start":{"line":14,"column":32},"end":{"line":14,"column":null}},"1":{"start":{"line":15,"column":16},"end":{"line":15,"column":null}},"2":{"start":{"line":17,"column":2},"end":{"line":48,"column":null}},"3":{"start":{"line":31,"column":27},"end":{"line":31,"column":null}}},"fnMap":{"0":{"name":"TrailerEmbed","decl":{"start":{"line":13,"column":16},"end":{"line":13,"column":29}},"loc":{"start":{"line":13,"column":94},"end":{"line":50,"column":null}},"line":13},"1":{"name":"(anonymous_1)","decl":{"start":{"line":31,"column":12},"end":{"line":31,"column":27}},"loc":{"start":{"line":31,"column":27},"end":{"line":31,"column":null}},"line":31}},"branchMap":{"0":{"loc":{"start":{"line":19,"column":7},"end":{"line":46,"column":null}},"type":"cond-expr","locations":[{"start":{"line":20,"column":8},"end":{"line":28,"column":9}},{"start":{"line":28,"column":8},"end":{"line":46,"column":null}}],"line":19},"1":{"loc":{"start":{"line":35,"column":13},"end":{"line":41,"column":null}},"type":"cond-expr","locations":[{"start":{"line":36,"column":14},"end":{"line":41,"column":null}},{"start":{"line":41,"column":16},"end":{"line":41,"column":null}}],"line":35}},"s":{"0":2,"1":2,"2":2,"3":1},"f":{"0":2,"1":1},"b":{"0":[1,1],"1":[1,0]},"meta":{"lastBranch":2,"lastFunction":2,"lastStatement":4,"seen":{"f:13:16:13:29":0,"s:14:32:14:Infinity":0,"s:15:16:15:Infinity":1,"s:17:2:48:Infinity":2,"b:20:8:28:9:28:8:46:Infinity":0,"f:31:12:31:27":1,"s:31:27:31:Infinity":3,"b:36:14:41:Infinity:41:16:41:Infinity":1},"fnNames":{}}}
,"/home/lacerda/Documentos/GitHub/react-frontend-challenge/src/features/auth/lib/initials.ts": {"path":"/home/lacerda/Documentos/GitHub/react-frontend-challenge/src/features/auth/lib/initials.ts","statementMap":{"0":{"start":{"line":2,"column":15},"end":{"line":2,"column":null}},"1":{"start":{"line":3,"column":16},"end":{"line":3,"column":null}},"2":{"start":{"line":4,"column":19},"end":{"line":4,"column":null}},"3":{"start":{"line":4,"column":70},"end":{"line":4,"column":77}},"4":{"start":{"line":5,"column":2},"end":{"line":5,"column":null}}},"fnMap":{"0":{"name":"initialsFromEmail","decl":{"start":{"line":1,"column":16},"end":{"line":1,"column":34}},"loc":{"start":{"line":1,"column":49},"end":{"line":6,"column":null}},"line":1},"1":{"name":"(anonymous_1)","decl":{"start":{"line":4,"column":56},"end":{"line":4,"column":61}},"loc":{"start":{"line":4,"column":70},"end":{"line":4,"column":77}},"line":4}},"branchMap":{"0":{"loc":{"start":{"line":2,"column":15},"end":{"line":2,"column":null}},"type":"binary-expr","locations":[{"start":{"line":2,"column":15},"end":{"line":2,"column":38}},{"start":{"line":2,"column":38},"end":{"line":2,"column":null}}],"line":2},"1":{"loc":{"start":{"line":4,"column":19},"end":{"line":4,"column":null}},"type":"cond-expr","locations":[{"start":{"line":4,"column":38},"end":{"line":4,"column":81}},{"start":{"line":4,"column":81},"end":{"line":4,"column":null}}],"line":4}},"s":{"0":5,"1":5,"2":5,"3":6,"4":5},"f":{"0":5,"1":6},"b":{"0":[5,0],"1":[3,2]},"meta":{"lastBranch":2,"lastFunction":2,"lastStatement":5,"seen":{"f:1:16:1:34":0,"s:2:15:2:Infinity":0,"b:2:15:2:38:2:38:2:Infinity":0,"s:3:16:3:Infinity":1,"s:4:19:4:Infinity":2,"b:4:38:4:81:4:81:4:Infinity":1,"f:4:56:4:61":1,"s:4:70:4:77":3,"s:5:2:5:Infinity":4},"fnNames":{}}}
,"/home/lacerda/Documentos/GitHub/react-frontend-challenge/src/features/auth/model/auth-store.ts": {"path":"/home/lacerda/Documentos/GitHub/react-frontend-challenge/src/features/auth/model/auth-store.ts","statementMap":{"0":{"start":{"line":12,"column":2},"end":{"line":12,"column":null}},"1":{"start":{"line":15,"column":28},"end":{"line":25,"column":null}},"2":{"start":{"line":17,"column":14},"end":{"line":22,"column":null}},"3":{"start":{"line":20,"column":24},"end":{"line":20,"column":null}},"4":{"start":{"line":21,"column":20},"end":{"line":21,"column":null}},"5":{"start":{"line":28,"column":2},"end":{"line":28,"column":null}}},"fnMap":{"0":{"name":"createFakeToken","decl":{"start":{"line":11,"column":16},"end":{"line":11,"column":34}},"loc":{"start":{"line":11,"column":34},"end":{"line":13,"column":null}},"line":11},"1":{"name":"(anonymous_1)","decl":{"start":{"line":16,"column":2},"end":{"line":16,"column":null}},"loc":{"start":{"line":17,"column":14},"end":{"line":22,"column":null}},"line":17},"2":{"name":"(anonymous_2)","decl":{"start":{"line":20,"column":6},"end":{"line":20,"column":14}},"loc":{"start":{"line":20,"column":24},"end":{"line":20,"column":null}},"line":20},"3":{"name":"(anonymous_3)","decl":{"start":{"line":21,"column":6},"end":{"line":21,"column":20}},"loc":{"start":{"line":21,"column":20},"end":{"line":21,"column":null}},"line":21},"4":{"name":"isAuthenticated","decl":{"start":{"line":27,"column":16},"end":{"line":27,"column":34}},"loc":{"start":{"line":27,"column":34},"end":{"line":29,"column":null}},"line":27}},"branchMap":{},"s":{"0":8,"1":2,"2":2,"3":6,"4":1,"5":3},"f":{"0":8,"1":2,"2":6,"3":1,"4":3},"b":{},"meta":{"lastBranch":0,"lastFunction":5,"lastStatement":6,"seen":{"f:11:16:11:34":0,"s:12:2:12:Infinity":0,"s:15:28:25:Infinity":1,"f:16:2:16:Infinity":1,"s:17:14:22:Infinity":2,"f:20:6:20:14":2,"s:20:24:20:Infinity":3,"f:21:6:21:20":3,"s:21:20:21:Infinity":4,"f:27:16:27:34":4,"s:28:2:28:Infinity":5},"fnNames":{}}}
,"/home/lacerda/Documentos/GitHub/react-frontend-challenge/src/features/auth/model/login-schema.ts": {"path":"/home/lacerda/Documentos/GitHub/react-frontend-challenge/src/features/auth/model/login-schema.ts","statementMap":{"0":{"start":{"line":3,"column":35},"end":{"line":3,"column":null}},"1":{"start":{"line":11,"column":2},"end":{"line":14,"column":null}}},"fnMap":{"0":{"name":"createLoginSchema","decl":{"start":{"line":10,"column":16},"end":{"line":10,"column":34}},"loc":{"start":{"line":10,"column":59},"end":{"line":15,"column":null}},"line":10}},"branchMap":{},"s":{"0":2,"1":8},"f":{"0":8},"b":{},"meta":{"lastBranch":0,"lastFunction":1,"lastStatement":2,"seen":{"s:3:35:3:Infinity":0,"f:10:16:10:34":0,"s:11:2:14:Infinity":1},"fnNames":{}}}
,"/home/lacerda/Documentos/GitHub/react-frontend-challenge/src/features/auth/ui/login-form.tsx": {"path":"/home/lacerda/Documentos/GitHub/react-frontend-challenge/src/features/auth/ui/login-form.tsx","statementMap":{"0":{"start":{"line":21,"column":16},"end":{"line":21,"column":31}},"1":{"start":{"line":22,"column":19},"end":{"line":22,"column":31}},"2":{"start":{"line":23,"column":16},"end":{"line":23,"column":null}},"3":{"start":{"line":23,"column":40},"end":{"line":23,"column":51}},"4":{"start":{"line":25,"column":17},"end":{"line":25,"column":null}},"5":{"start":{"line":25,"column":31},"end":{"line":25,"column":66}},"6":{"start":{"line":27,"column":15},"end":{"line":30,"column":null}},"7":{"start":{"line":32,"column":35},"end":{"line":32,"column":null}},"8":{"start":{"line":33,"column":21},"end":{"line":33,"column":null}},"9":{"start":{"line":36,"column":4},"end":{"line":36,"column":null}},"10":{"start":{"line":36,"column":35},"end":{"line":36,"column":59}},"11":{"start":{"line":37,"column":4},"end":{"line":37,"column":null}},"12":{"start":{"line":38,"column":4},"end":{"line":38,"column":null}},"13":{"start":{"line":39,"column":4},"end":{"line":39,"column":null}},"14":{"start":{"line":40,"column":4},"end":{"line":40,"column":null}},"15":{"start":{"line":43,"column":2},"end":{"line":72,"column":null}}},"fnMap":{"0":{"name":"LoginForm","decl":{"start":{"line":20,"column":16},"end":{"line":20,"column":26}},"loc":{"start":{"line":20,"column":58},"end":{"line":74,"column":null}},"line":20},"1":{"name":"(anonymous_1)","decl":{"start":{"line":23,"column":16},"end":{"line":23,"column":30}},"loc":{"start":{"line":23,"column":40},"end":{"line":23,"column":51}},"line":23},"2":{"name":"(anonymous_2)","decl":{"start":{"line":25,"column":17},"end":{"line":25,"column":31}},"loc":{"start":{"line":25,"column":31},"end":{"line":25,"column":66}},"line":25},"3":{"name":"onSubmit","decl":{"start":{"line":35,"column":17},"end":{"line":35,"column":26}},"loc":{"start":{"line":35,"column":47},"end":{"line":41,"column":null}},"line":35},"4":{"name":"(anonymous_4)","decl":{"start":{"line":36,"column":14},"end":{"line":36,"column":23}},"loc":{"start":{"line":36,"column":35},"end":{"line":36,"column":59}},"line":36}},"branchMap":{"0":{"loc":{"start":{"line":33,"column":21},"end":{"line":33,"column":null}},"type":"binary-expr","locations":[{"start":{"line":33,"column":21},"end":{"line":33,"column":46}},{"start":{"line":33,"column":46},"end":{"line":33,"column":null}}],"line":33},"1":{"loc":{"start":{"line":40,"column":25},"end":{"line":40,"column":43}},"type":"binary-expr","locations":[{"start":{"line":40,"column":25},"end":{"line":40,"column":39}},{"start":{"line":40,"column":39},"end":{"line":40,"column":43}}],"line":40},"2":{"loc":{"start":{"line":67,"column":7},"end":{"line":67,"column":null}},"type":"cond-expr","locations":[{"start":{"line":67,"column":20},"end":{"line":67,"column":null}},{"start":{"line":67,"column":52},"end":{"line":67,"column":null}}],"line":67},"3":{"loc":{"start":{"line":70,"column":9},"end":{"line":70,"column":null}},"type":"cond-expr","locations":[{"start":{"line":70,"column":24},"end":{"line":70,"column":94}},{"start":{"line":70,"column":92},"end":{"line":70,"column":null}}],"line":70}},"s":{"0":22,"1":22,"2":22,"3":69,"4":22,"5":6,"6":22,"7":22,"8":22,"9":3,"10":3,"11":3,"12":3,"13":3,"14":3,"15":22},"f":{"0":22,"1":69,"2":6,"3":3,"4":3},"b":{"0":[22,21],"1":[3,3],"2":[2,20],"3":[8,14]},"meta":{"lastBranch":4,"lastFunction":5,"lastStatement":16,"seen":{"f:20:16:20:26":0,"s:21:16:21:31":0,"s:22:19:22:31":1,"s:23:16:23:Infinity":2,"f:23:16:23:30":1,"s:23:40:23:51":3,"s:25:17:25:Infinity":4,"f:25:17:25:31":2,"s:25:31:25:66":5,"s:27:15:30:Infinity":6,"s:32:35:32:Infinity":7,"s:33:21:33:Infinity":8,"b:33:21:33:46:33:46:33:Infinity":0,"f:35:17:35:26":3,"s:36:4:36:Infinity":9,"f:36:14:36:23":4,"s:36:35:36:59":10,"s:37:4:37:Infinity":11,"s:38:4:38:Infinity":12,"s:39:4:39:Infinity":13,"s:40:4:40:Infinity":14,"b:40:25:40:39:40:39:40:43":1,"s:43:2:72:Infinity":15,"b:67:20:67:Infinity:67:52:67:Infinity":2,"b:70:24:70:94:70:92:70:Infinity":3},"fnNames":{}}}
,"/home/lacerda/Documentos/GitHub/react-frontend-challenge/src/features/auth/ui/user-menu.tsx": {"path":"/home/lacerda/Documentos/GitHub/react-frontend-challenge/src/features/auth/ui/user-menu.tsx","statementMap":{"0":{"start":{"line":18,"column":16},"end":{"line":18,"column":31}},"1":{"start":{"line":19,"column":19},"end":{"line":19,"column":31}},"2":{"start":{"line":20,"column":16},"end":{"line":20,"column":null}},"3":{"start":{"line":20,"column":40},"end":{"line":20,"column":51}},"4":{"start":{"line":21,"column":17},"end":{"line":21,"column":null}},"5":{"start":{"line":21,"column":41},"end":{"line":21,"column":53}},"6":{"start":{"line":23,"column":2},"end":{"line":23,"column":null}},"7":{"start":{"line":23,"column":14},"end":{"line":23,"column":null}},"8":{"start":{"line":26,"column":4},"end":{"line":26,"column":null}},"9":{"start":{"line":27,"column":4},"end":{"line":27,"column":null}},"10":{"start":{"line":28,"column":4},"end":{"line":28,"column":null}},"11":{"start":{"line":31,"column":2},"end":{"line":62,"column":null}},"12":{"start":{"line":32,"column":42},"end":{"line":32,"column":null}},"13":{"start":{"line":49,"column":12},"end":{"line":49,"column":null}},"14":{"start":{"line":50,"column":12},"end":{"line":50,"column":null}}},"fnMap":{"0":{"name":"UserMenu","decl":{"start":{"line":17,"column":16},"end":{"line":17,"column":27}},"loc":{"start":{"line":17,"column":27},"end":{"line":64,"column":null}},"line":17},"1":{"name":"(anonymous_1)","decl":{"start":{"line":20,"column":16},"end":{"line":20,"column":30}},"loc":{"start":{"line":20,"column":40},"end":{"line":20,"column":51}},"line":20},"2":{"name":"(anonymous_2)","decl":{"start":{"line":21,"column":17},"end":{"line":21,"column":31}},"loc":{"start":{"line":21,"column":41},"end":{"line":21,"column":53}},"line":21},"3":{"name":"handleLogout","decl":{"start":{"line":25,"column":11},"end":{"line":25,"column":26}},"loc":{"start":{"line":25,"column":26},"end":{"line":29,"column":null}},"line":25},"4":{"name":"(anonymous_4)","decl":{"start":{"line":32,"column":18},"end":{"line":32,"column":33}},"loc":{"start":{"line":32,"column":42},"end":{"line":32,"column":null}},"line":32},"5":{"name":"(anonymous_5)","decl":{"start":{"line":48,"column":10},"end":{"line":48,"column":26}},"loc":{"start":{"line":48,"column":26},"end":{"line":51,"column":null}},"line":48}},"branchMap":{"0":{"loc":{"start":{"line":23,"column":2},"end":{"line":23,"column":null}},"type":"if","locations":[{"start":{"line":23,"column":2},"end":{"line":23,"column":null}},{"start":{},"end":{}}],"line":23},"1":{"loc":{"start":{"line":32,"column":42},"end":{"line":32,"column":null}},"type":"binary-expr","locations":[{"start":{"line":32,"column":42},"end":{"line":32,"column":50}},{"start":{"line":32,"column":50},"end":{"line":32,"column":null}}],"line":32}},"s":{"0":0,"1":0,"2":0,"3":0,"4":0,"5":0,"6":0,"7":0,"8":0,"9":0,"10":0,"11":0,"12":0,"13":0,"14":0},"f":{"0":0,"1":0,"2":0,"3":0,"4":0,"5":0},"b":{"0":[0,0],"1":[0,0]},"meta":{"lastBranch":2,"lastFunction":6,"lastStatement":15,"seen":{"f:17:16:17:27":0,"s:18:16:18:31":0,"s:19:19:19:31":1,"s:20:16:20:Infinity":2,"f:20:16:20:30":1,"s:20:40:20:51":3,"s:21:17:21:Infinity":4,"f:21:17:21:31":2,"s:21:41:21:53":5,"b:23:2:23:Infinity:undefined:undefined:undefined:undefined":0,"s:23:2:23:Infinity":6,"s:23:14:23:Infinity":7,"f:25:11:25:26":3,"s:26:4:26:Infinity":8,"s:27:4:27:Infinity":9,"s:28:4:28:Infinity":10,"s:31:2:62:Infinity":11,"f:32:18:32:33":4,"s:32:42:32:Infinity":12,"b:32:42:32:50:32:50:32:Infinity":1,"f:48:10:48:26":5,"s:49:12:49:Infinity":13,"s:50:12:50:Infinity":14},"fnNames":{}}}
[...]
olumn":2},"end":{"line":124,"column":null}},"62":{"start":{"line":125,"column":2},"end":{"line":125,"column":null}},"63":{"start":{"line":126,"column":2},"end":{"line":126,"column":null}},"64":{"start":{"line":128,"column":2},"end":{"line":128,"column":null}},"65":{"start":{"line":129,"column":2},"end":{"line":129,"column":null}},"66":{"start":{"line":130,"column":2},"end":{"line":130,"column":null}},"67":{"start":{"line":134,"column":2},"end":{"line":134,"column":null}},"68":{"start":{"line":134,"column":20},"end":{"line":134,"column":null}},"69":{"start":{"line":135,"column":14},"end":{"line":135,"column":null}},"70":{"start":{"line":136,"column":2},"end":{"line":136,"column":null}},"71":{"start":{"line":136,"column":12},"end":{"line":136,"column":null}},"72":{"start":{"line":138,"column":14},"end":{"line":138,"column":null}},"73":{"start":{"line":139,"column":2},"end":{"line":157,"column":null}},"74":{"start":{"line":140,"column":23},"end":{"line":140,"column":null}},"75":{"start":{"line":141,"column":17},"end":{"line":141,"column":null}},"76":{"start":{"line":143,"column":4},"end":{"line":143,"column":null}},"77":{"start":{"line":144,"column":4},"end":{"line":144,"column":null}},"78":{"start":{"line":146,"column":18},"end":{"line":146,"column":null}},"79":{"start":{"line":147,"column":16},"end":{"line":147,"column":null}},"80":{"start":{"line":148,"column":17},"end":{"line":148,"column":null}},"81":{"start":{"line":150,"column":4},"end":{"line":150,"column":null}},"82":{"start":{"line":151,"column":4},"end":{"line":151,"column":null}},"83":{"start":{"line":152,"column":4},"end":{"line":152,"column":null}},"84":{"start":{"line":154,"column":4},"end":{"line":154,"column":null}},"85":{"start":{"line":155,"column":4},"end":{"line":155,"column":null}},"86":{"start":{"line":156,"column":4},"end":{"line":156,"column":null}}},"fnMap":{"0":{"name":"(anonymous_0)","decl":{"start":{"line":42,"column":4},"end":{"line":42,"column":22}},"loc":{"start":{"line":42,"column":22},"end":{"line":42,"column":null}},"line":42},"1":{"name":"configureSounds","decl":{"start":{"line":44,"column":16},"end":{"line":44,"column":32}},"loc":{"start":{"line":44,"column":56},"end":{"line":47,"column":null}},"line":44},"2":{"name":"unlockOnFirstGesture","decl":{"start":{"line":51,"column":9},"end":{"line":51,"column":32}},"loc":{"start":{"line":51,"column":32},"end":{"line":60,"column":null}},"line":51},"3":{"name":"(anonymous_3)","decl":{"start":{"line":53,"column":8},"end":{"line":53,"column":23}},"loc":{"start":{"line":53,"column":23},"end":{"line":57,"column":null}},"line":53},"4":{"name":"getContext","decl":{"start":{"line":62,"column":9},"end":{"line":62,"column":43}},"loc":{"start":{"line":62,"column":43},"end":{"line":71,"column":null}},"line":62},"5":{"name":"getNoiseBuffer","decl":{"start":{"line":76,"column":9},"end":{"line":76,"column":24}},"loc":{"start":{"line":76,"column":43},"end":{"line":88,"column":null}},"line":76},"6":{"name":"playWhoosh","decl":{"start":{"line":97,"column":16},"end":{"line":97,"column":27}},"loc":{"start":{"line":97,"column":40},"end":{"line":131,"column":null}},"line":97},"7":{"name":"playSound","decl":{"start":{"line":133,"column":16},"end":{"line":133,"column":26}},"loc":{"start":{"line":133,"column":43},"end":{"line":158,"column":null}},"line":133}},"branchMap":{"0":{"loc":{"start":{"line":52,"column":2},"end":{"line":52,"column":null}},"type":"if","locations":[{"start":{"line":52,"column":2},"end":{"line":52,"column":null}},{"start":{},"end":{}}],"line":52},"1":{"loc":{"start":{"line":63,"column":2},"end":{"line":63,"column":null}},"type":"if","locations":[{"start":{"line":63,"column":2},"end":{"line":63,"column":null}},{"start":{},"end":{}}],"line":63},"2":{"loc":{"start":{"line":66,"column":4},"end":{"line":66,"column":null}},"type":"if","locations":[{"start":{"line":66,"column":4},"end":{"line":66,"column":null}},{"start":{},"end":{}}],"line":66},"3":{"loc":{"start":{"line":77,"column":2},"end":{"line":77,"column":null}},"type":"if","locations":[{"start":{"line":77,"column":2},"end":{"line":77,"column":null}},{"start":{},"end":{}}],"line":77},"4":{"loc":{"start":{"line":97,"column":27},"end":{"line":97,"column":40}},"type":"default-arg","locations":[{"start":{"line":97,"column":35},"end":{"line":97,"column":40}}],"line":97},"5":{"loc":{"start":{"line":98,"column":2},"end":{"line":98,"column":null}},"type":"if","locations":[{"start":{"line":98,"column":2},"end":{"line":98,"column":null}},{"start":{},"end":{}}],"line":98},"6":{"loc":{"start":{"line":100,"column":2},"end":{"line":100,"column":null}},"type":"if","locations":[{"start":{"line":100,"column":2},"end":{"line":100,"column":null}},{"start":{},"end":{}}],"line":100},"7":{"loc":{"start":{"line":103,"column":2},"end":{"line":103,"column":null}},"type":"if","locations":[{"start":{"line":103,"column":2},"end":{"line":103,"column":null}},{"start":{},"end":{}}],"line":103},"8":{"loc":{"start":{"line":134,"column":2},"end":{"line":134,"column":null}},"type":"if","locations":[{"start":{"line":134,"column":2},"end":{"line":134,"column":null}},{"start":{},"end":{}}],"line":134},"9":{"loc":{"start":{"line":136,"column":2},"end":{"line":136,"column":null}},"type":"if","locations":[{"start":{"line":136,"column":2},"end":{"line":136,"column":null}},{"start":{},"end":{}}],"line":136},"10":{"loc":{"start":{"line":143,"column":22},"end":{"line":143,"column":null}},"type":"binary-expr","locations":[{"start":{"line":143,"column":22},"end":{"line":143,"column":35}},{"start":{"line":143,"column":35},"end":{"line":143,"column":null}}],"line":143},"11":{"loc":{"start":{"line":148,"column":34},"end":{"line":148,"column":null}},"type":"binary-expr","locations":[{"start":{"line":148,"column":34},"end":{"line":148,"column":49}},{"start":{"line":148,"column":49},"end":{"line":148,"column":null}}],"line":148}},"s":{"0":5,"1":5,"2":5,"3":5,"4":12,"5":0,"6":0,"7":0,"8":0,"9":0,"10":0,"11":0,"12":0,"13":0,"14":0,"15":12,"16":12,"17":0,"18":0,"19":0,"20":0,"21":0,"22":0,"23":5,"24":0,"25":0,"26":0,"27":0,"28":0,"29":0,"30":0,"31":0,"32":0,"33":0,"34":0,"35":0,"36":5,"37":5,"38":1,"39":0,"40":1,"41":1,"42":1,"43":0,"44":0,"45":0,"46":0,"47":0,"48":0,"49":0,"50":0,"51":0,"52":0,"53":0,"54":0,"55":0,"56":0,"57":0,"58":0,"59":0,"60":0,"61":0,"62":0,"63":0,"64":0,"65":0,"66":0,"67":11,"68":0,"69":11,"70":11,"71":11,"72":0,"73":0,"74":0,"75":0,"76":0,"77":0,"78":0,"79":0,"80":0,"81":0,"82":0,"83":0,"84":0,"85":0,"86":0},"f":{"0":12,"1":0,"2":0,"3":0,"4":12,"5":0,"6":1,"7":11},"b":{"0":[0,0],"1":[12,0],"2":[0,0],"3":[0,0],"4":[1],"5":[0,1],"6":[1,0],"7":[0,0],"8":[0,11],"9":[11,0],"10":[0,0],"11":[0,0]},"meta":{"lastBranch":12,"lastFunction":8,"lastStatement":87,"seen":{"s:11:22:11:Infinity":0,"s:13:43:39:Infinity":1,"s:41:35:41:Infinity":2,"s:42:4:42:Infinity":3,"f:42:4:42:22":0,"s:42:22:42:Infinity":4,"f:44:16:44:32":1,"s:45:2:45:Infinity":5,"s:46:2:46:Infinity":6,"f:51:9:51:32":2,"b:52:2:52:Infinity:undefined:undefined:undefined:undefined":0,"s:52:2:52:Infinity":7,"s:52:37:52:Infinity":8,"s:53:8:57:Infinity":9,"f:53:8:53:23":3,"s:54:4:54:Infinity":10,"s:55:4:55:Infinity":11,"s:56:4:56:Infinity":12,"s:58:2:58:Infinity":13,"s:59:2:59:Infinity":14,"f:62:9:62:43":4,"b:63:2:63:Infinity:undefined:undefined:undefined:undefined":1,"s:63:2:63:Infinity":15,"s:63:43:63:Infinity":16,"s:64:2:70:Infinity":17,"s:65:4:65:Infinity":18,"b:66:4:66:Infinity:undefined:undefined:undefined:undefined":2,"s:66:4:66:Infinity":19,"s:66:39:66:Infinity":20,"s:67:4:67:Infinity":21,"s:69:4:69:Infinity":22,"s:73:38:73:Infinity":23,"f:76:9:76:24":5,"b:77:2:77:Infinity:undefined:undefined:undefined:undefined":3,"s:77:2:77:Infinity":24,"s:77:19:77:Infinity":25,"s:78:17:78:Infinity":26,"s:79:2:79:Infinity":27,"s:80:15:80:Infinity":28,"s:81:13:81:Infinity":29,"s:82:2:86:Infinity":30,"s:82:15:82:18":31,"s:83:18:83:Infinity":32,"s:84:4:84:Infinity":33,"s:85:4:85:Infinity":34,"s:87:2:87:Infinity":35,"s:90:19:90:Infinity":36,"s:91:19:91:Infinity":37,"f:97:16:97:27":6,"b:97:35:97:40":4,"b:98:2:98:Infinity:undefined:undefined:undefined:undefined":5,"s:98:2:98:Infinity":38,"s:98:20:98:Infinity":39,"s:99:14:99:Infinity":40,"b:100:2:100:Infinity:undefined:undefined:undefined:undefined":6,"s:100:2:100:Infinity":41,"s:100:12:100:Infinity":42,"s:102:14:102:Infinity":43,"b:103:2:103:Infinity:undefined:undefined:undefined:undefined":7,"s:103:2:103:Infinity":44,"s:103:39:103:Infinity":45,"s:104:2:104:Infinity":46,"s:106:19:106:Infinity":47,"s:107:17:107:Infinity":48,"s:108:16:108:Infinity":49,"s:109:18:109:Infinity":50,"s:111:17:111:Infinity":51,"s:112:2:112:Infinity":52,"s:113:2:113:Infinity":53,"s:116:18:116:Infinity":54,"s:117:2:117:Infinity":55,"s:118:2:118:Infinity":56,"s:119:2:119:Infinity":57,"s:120:2:120:Infinity":58,"s:121:2:121:Infinity":59,"s:123:15:123:Infinity":60,"s:124:2:124:Infinity":61,"s:125:2:125:Infinity":62,"s:126:2:126:Infinity":63,"s:128:2:128:Infinity":64,"s:129:2:129:Infinity":65,"s:130:2:130:Infinity":66,"f:133:16:133:26":7,"b:134:2:134:Infinity:undefined:undefined:undefined:undefined":8,"s:134:2:134:Infinity":67,"s:134:20:134:Infinity":68,"s:135:14:135:Infinity":69,"b:136:2:136:Infinity:undefined:undefined:undefined:undefined":9,"s:136:2:136:Infinity":70,"s:136:12:136:Infinity":71,"s:138:14:138:Infinity":72,"s:139:2:157:Infinity":73,"s:140:23:140:Infinity":74,"s:141:17:141:Infinity":75,"s:143:4:143:Infinity":76,"b:143:22:143:35:143:35:143:Infinity":10,"s:144:4:144:Infinity":77,"s:146:18:146:Infinity":78,"s:147:16:147:Infinity":79,"s:148:17:148:Infinity":80,"b:148:34:148:49:148:49:148:Infinity":11,"s:150:4:150:Infinity":81,"s:151:4:151:Infinity":82,"s:152:4:152:Infinity":83,"s:154:4:154:Infinity":84,"s:155:4:155:Infinity":85,"s:156:4:156:Infinity":86},"fnNames":{}}}
,"/home/lacerda/Documentos/GitHub/react-frontend-challenge/src/shared/lib/use-debounced-value.ts": {"path":"/home/lacerda/Documentos/GitHub/react-frontend-challenge/src/shared/lib/use-debounced-value.ts","statementMap":{"0":{"start":{"line":4,"column":36},"end":{"line":4,"column":null}},"1":{"start":{"line":6,"column":2},"end":{"line":9,"column":null}},"2":{"start":{"line":7,"column":18},"end":{"line":7,"column":null}},"3":{"start":{"line":7,"column":35},"end":{"line":7,"column":56}},"4":{"start":{"line":8,"column":4},"end":{"line":8,"column":null}},"5":{"start":{"line":8,"column":17},"end":{"line":8,"column":null}},"6":{"start":{"line":11,"column":2},"end":{"line":11,"column":null}}},"fnMap":{"0":{"name":"useDebouncedValue","decl":{"start":{"line":3,"column":16},"end":{"line":3,"column":37}},"loc":{"start":{"line":3,"column":63},"end":{"line":12,"column":null}},"line":3},"1":{"name":"(anonymous_1)","decl":{"start":{"line":6,"column":2},"end":{"line":6,"column":18}},"loc":{"start":{"line":6,"column":18},"end":{"line":9,"column":5}},"line":6},"2":{"name":"(anonymous_2)","decl":{"start":{"line":7,"column":18},"end":{"line":7,"column":35}},"loc":{"start":{"line":7,"column":35},"end":{"line":7,"column":56}},"line":7},"3":{"name":"(anonymous_3)","decl":{"start":{"line":8,"column":4},"end":{"line":8,"column":17}},"loc":{"start":{"line":8,"column":17},"end":{"line":8,"column":null}},"line":8}},"branchMap":{"0":{"loc":{"start":{"line":3,"column":47},"end":{"line":3,"column":63}},"type":"default-arg","locations":[{"start":{"line":3,"column":55},"end":{"line":3,"column":63}}],"line":3}},"s":{"0":289,"1":289,"2":89,"3":10,"4":89,"5":89,"6":289},"f":{"0":289,"1":89,"2":10,"3":89},"b":{"0":[289]},"meta":{"lastBranch":1,"lastFunction":4,"lastStatement":7,"seen":{"f:3:16:3:37":0,"b:3:55:3:63":0,"s:4:36:4:Infinity":0,"s:6:2:9:Infinity":1,"f:6:2:6:18":1,"s:7:18:7:Infinity":2,"f:7:18:7:35":2,"s:7:35:7:56":3,"s:8:4:8:Infinity":4,"f:8:4:8:17":3,"s:8:17:8:Infinity":5,"s:11:2:11:Infinity":6},"fnNames":{}}}
,"/home/lacerda/Documentos/GitHub/react-frontend-challenge/src/shared/lib/use-document-title.ts": {"path":"/home/lacerda/Documentos/GitHub/react-frontend-challenge/src/shared/lib/use-document-title.ts","statementMap":{"0":{"start":{"line":3,"column":19},"end":{"line":3,"column":null}},"1":{"start":{"line":6,"column":2},"end":{"line":11,"column":null}},"2":{"start":{"line":7,"column":4},"end":{"line":7,"column":null}},"3":{"start":{"line":8,"column":4},"end":{"line":10,"column":null}},"4":{"start":{"line":9,"column":6},"end":{"line":9,"column":null}}},"fnMap":{"0":{"name":"useDocumentTitle","decl":{"start":{"line":5,"column":16},"end":{"line":5,"column":33}},"loc":{"start":{"line":5,"column":49},"end":{"line":12,"column":null}},"line":5},"1":{"name":"(anonymous_1)","decl":{"start":{"line":6,"column":2},"end":{"line":6,"column":18}},"loc":{"start":{"line":6,"column":18},"end":{"line":11,"column":5}},"line":6},"2":{"name":"(anonymous_2)","decl":{"start":{"line":8,"column":4},"end":{"line":8,"column":17}},"loc":{"start":{"line":8,"column":17},"end":{"line":10,"column":null}},"line":8}},"branchMap":{"0":{"loc":{"start":{"line":7,"column":21},"end":{"line":7,"column":null}},"type":"cond-expr","locations":[{"start":{"line":7,"column":29},"end":{"line":7,"column":58}},{"start":{"line":7,"column":58},"end":{"line":7,"column":null}}],"line":7}},"s":{"0":1,"1":19,"2":18,"3":18,"4":18},"f":{"0":19,"1":18,"2":18},"b":{"0":[8,10]},"meta":{"lastBranch":1,"lastFunction":3,"lastStatement":5,"seen":{"s:3:19:3:Infinity":0,"f:5:16:5:33":0,"s:6:2:11:Infinity":1,"f:6:2:6:18":1,"s:7:4:7:Infinity":2,"b:7:29:7:58:7:58:7:Infinity":0,"s:8:4:10:Infinity":3,"f:8:4:8:17":2,"s:9:6:9:Infinity":4},"fnNames":{}}}
,"/home/lacerda/Documentos/GitHub/react-frontend-challenge/src/shared/lib/use-grid-columns.ts": {"path":"/home/lacerda/Documentos/GitHub/react-frontend-challenge/src/shared/lib/use-grid-columns.ts","statementMap":{"0":{"start":{"line":4,"column":19},"end":{"line":4,"column":null}},"1":{"start":{"line":5,"column":2},"end":{"line":5,"column":null}},"2":{"start":{"line":9,"column":32},"end":{"line":9,"column":null}},"3":{"start":{"line":10,"column":22},"end":{"line":10,"column":null}},"4":{"start":{"line":12,"column":14},"end":{"line":20,"column":null}},"5":{"start":{"line":13,"column":4},"end":{"line":13,"column":null}},"6":{"start":{"line":14,"column":4},"end":{"line":14,"column":null}},"7":{"start":{"line":15,"column":4},"end":{"line":15,"column":null}},"8":{"start":{"line":15,"column":15},"end":{"line":15,"column":null}},"9":{"start":{"line":17,"column":4},"end":{"line":17,"column":null}},"10":{"start":{"line":18,"column":4},"end":{"line":18,"column":null}},"11":{"start":{"line":18,"column":51},"end":{"line":18,"column":81}},"12":{"start":{"line":19,"column":4},"end":{"line":19,"column":null}},"13":{"start":{"line":22,"column":2},"end":{"line":22,"column":null}}},"fnMap":{"0":{"name":"countColumns","decl":{"start":{"line":3,"column":9},"end":{"line":3,"column":22}},"loc":{"start":{"line":3,"column":41},"end":{"line":6,"column":null}},"line":3},"1":{"name":"useGridColumns","decl":{"start":{"line":8,"column":16},"end":{"line":8,"column":56}},"loc":{"start":{"line":8,"column":56},"end":{"line":23,"column":null}},"line":8},"2":{"name":"(anonymous_2)","decl":{"start":{"line":12,"column":14},"end":{"line":12,"column":27}},"loc":{"start":{"line":12,"column":46},"end":{"line":20,"column":5}},"line":12},"3":{"name":"(anonymous_3)","decl":{"start":{"line":18,"column":30},"end":{"line":18,"column":51}},"loc":{"start":{"line":18,"column":51},"end":{"line":18,"column":81}},"line":18}},"branchMap":{"0":{"loc":{"start":{"line":5,"column":9},"end":{"line":5,"column":null}},"type":"cond-expr","locations":[{"start":{"line":5,"column":31},"end":{"line":5,"column":35}},{"start":{"line":5,"column":35},"end":{"line":5,"column":null}}],"line":5},"1":{"loc":{"start":{"line":15,"column":4},"end":{"line":15,"column":null}},"type":"if","locations":[{"start":{"line":15,"column":4},"end":{"line":15,"column":null}},{"start":{},"end":{}}],"line":15}},"s":{"0":6,"1":6,"2":29,"3":29,"4":29,"5":12,"6":12,"7":12,"8":6,"9":6,"10":6,"11":0,"12":6,"13":29},"f":{"0":6,"1":29,"2":12,"3":0},"b":{"0":[6,0],"1":[6,6]},"meta":{"lastBranch":2,"lastFunction":4,"lastStatement":14,"seen":{"f:3:9:3:22":0,"s:4:19:4:Infinity":0,"s:5:2:5:Infinity":1,"b:5:31:5:35:5:35:5:Infinity":0,"f:8:16:8:56":1,"s:9:32:9:Infinity":2,"s:10:22:10:Infinity":3,"s:12:14:20:Infinity":4,"f:12:14:12:27":2,"s:13:4:13:Infinity":5,"s:14:4:14:Infinity":6,"b:15:4:15:Infinity:undefined:undefined:undefined:undefined":1,"s:15:4:15:Infinity":7,"s:15:15:15:Infinity":8,"s:17:4:17:Infinity":9,"s:18:4:18:Infinity":10,"f:18:30:18:51":3,"s:18:51:18:81":11,"s:19:4:19:Infinity":12,"s:22:2:22:Infinity":13},"fnNames":{}}}
,"/home/lacerda/Documentos/GitHub/react-frontend-challenge/src/shared/lib/use-in-view.ts": {"path":"/home/lacerda/Documentos/GitHub/react-frontend-challenge/src/shared/lib/use-in-view.ts","statementMap":{"0":{"start":{"line":4,"column":14},"end":{"line":4,"column":null}},"1":{"start":{"line":5,"column":30},"end":{"line":5,"column":null}},"2":{"start":{"line":7,"column":2},"end":{"line":18,"column":null}},"3":{"start":{"line":8,"column":17},"end":{"line":8,"column":null}},"4":{"start":{"line":9,"column":4},"end":{"line":9,"column":null}},"5":{"start":{"line":9,"column":15},"end":{"line":9,"column":null}},"6":{"start":{"line":11,"column":21},"end":{"line":14,"column":null}},"7":{"start":{"line":12,"column":19},"end":{"line":12,"column":null}},"8":{"start":{"line":12,"column":53},"end":{"line":12,"column":73}},"9":{"start":{"line":16,"column":4},"end":{"line":16,"column":null}},"10":{"start":{"line":17,"column":4},"end":{"line":17,"column":null}},"11":{"start":{"line":17,"column":17},"end":{"line":17,"column":null}},"12":{"start":{"line":20,"column":2},"end":{"line":20,"column":null}}},"fnMap":{"0":{"name":"useInView","decl":{"start":{"line":3,"column":16},"end":{"line":3,"column":26}},"loc":{"start":{"line":3,"column":52},"end":{"line":21,"column":null}},"line":3},"1":{"name":"(anonymous_1)","decl":{"start":{"line":7,"column":2},"end":{"line":7,"column":18}},"loc":{"start":{"line":7,"column":18},"end":{"line":18,"column":5}},"line":7},"2":{"name":"(anonymous_2)","decl":{"start":{"line":11,"column":25},"end":{"line":11,"column":null}},"loc":{"start":{"line":12,"column":19},"end":{"line":12,"column":null}},"line":12},"3":{"name":"(anonymous_3)","decl":{"start":{"line":12,"column":37},"end":{"line":12,"column":43}},"loc":{"start":{"line":12,"column":53},"end":{"line":12,"column":73}},"line":12},"4":{"name":"(anonymous_4)","decl":{"start":{"line":17,"column":4},"end":{"line":17,"column":17}},"loc":{"start":{"line":17,"column":17},"end":{"line":17,"column":null}},"line":17}},"branchMap":{"0":{"loc":{"start":{"line":3,"column":26},"end":{"line":3,"column":52}},"type":"default-arg","locations":[{"start":{"line":3,"column":39},"end":{"line":3,"column":52}}],"line":3},"1":{"loc":{"start":{"line":9,"column":4},"end":{"line":9,"column":null}},"type":"if","locations":[{"start":{"line":9,"column":4},"end":{"line":9,"column":null}},{"start":{},"end":{}}],"line":9}},"s":{"0":36,"1":36,"2":36,"3":13,"4":13,"5":0,"6":13,"7":2,"8":2,"9":13,"10":13,"11":13,"12":36},"f":{"0":36,"1":13,"2":2,"3":2,"4":13},"b":{"0":[36],"1":[0,13]},"meta":{"lastBranch":2,"lastFunction":5,"lastStatement":13,"seen":{"f:3:16:3:26":0,"b:3:39:3:52":0,"s:4:14:4:Infinity":0,"s:5:30:5:Infinity":1,"s:7:2:18:Infinity":2,"f:7:2:7:18":1,"s:8:17:8:Infinity":3,"b:9:4:9:Infinity:undefined:undefined:undefined:undefined":1,"s:9:4:9:Infinity":4,"s:9:15:9:Infinity":5,"s:11:21:14:Infinity":6,"f:11:25:11:Infinity":2,"s:12:19:12:Infinity":7,"f:12:37:12:43":3,"s:12:53:12:73":8,"s:16:4:16:Infinity":9,"s:17:4:17:Infinity":10,"f:17:4:17:17":4,"s:17:17:17:Infinity":11,"s:20:2:20:Infinity":12},"fnNames":{}}}
,"/home/lacerda/Documentos/GitHub/react-frontend-challenge/src/shared/lib/utils.ts": {"path":"/home/lacerda/Documentos/GitHub/react-frontend-challenge/src/shared/lib/utils.ts","statementMap":{},"fnMap":{},"branchMap":{},"s":{},"f":{},"b":{},"meta":{"lastBranch":0,"lastFunction":0,"lastStatement":0,"seen":{},"fnNames":{}}}
}
